# JRE version: OpenJDK Runtime Environment Temurin-21.0.9+10 (21.0.9+10) (build 21.0.9+10-LTS)
# Java VM: OpenJDK 64-Bit Server VM Temurin-21.0.9+10 (21.0.9+10-LTS, mixed mode, sharing, tiered, compressed oops, compressed class ptrs, parallel gc, windows-amd64)
GC Precious Log:
 CardTable entry size: 512
 CPUs: 8 total, 8 available
 Memory: 7988M
 Large Page Support: Disabled
 NUMA Support: Disabled
 Compressed Oops: Enabled (32-bit)
 Alignments: Space 512K, Generation 512K, Heap 2M
 Heap Min Capacity: 100M
 Heap Initial Capacity: 100M
 Heap Max Capacity: 1G
 Pre-touch: Disabled
 Parallel Workers: 8
Heap:
 PSYoungGen      total 14336K, used 7086K [0x00000000eab00000, 0x00000000ebb00000, 0x0000000100000000)
  eden space 13312K, 46% used [0x00000000eab00000,0x00000000eb0fb830,0x00000000eb800000)
  from space 1024K, 93% used [0x00000000eb800000,0x00000000eb8f0000,0x00000000eb900000)
  to   space 1536K, 0% used [0x00000000eb980000,0x00000000eb980000,0x00000000ebb00000)
 ParOldGen       total 73728K, used 73383K [0x00000000c0000000, 0x00000000c4800000, 0x00000000eab00000)
  object space 73728K, 99% used [0x00000000c0000000,0x00000000c47a9cd8,0x00000000c4800000)
 Metaspace       used 64829K, committed 66304K, reserved 1114112K
  class space    used 6849K, committed 7552K, reserved 1048576K
GC Heap History (20 events):
Event: 89.063 GC heap before
{Heap before GC invocations=39 (full 3):
 PSYoungGen      total 20480K, used 20478K [0x00000000eab00000, 0x00000000ec580000, 0x0000000100000000)
  eden space 18944K, 100% used [0x00000000eab00000,0x00000000ebd80000,0x00000000ebd80000)
  from space 1536K, 99% used [0x00000000ebf80000,0x00000000ec0ffb18,0x00000000ec100000)
  to   space 4096K, 0% used [0x00000000ec180000,0x00000000ec180000,0x00000000ec580000)
 ParOldGen       total 68608K, used 54476K [0x00000000c0000000, 0x00000000c4300000, 0x00000000eab00000)
  object space 68608K, 79% used [0x00000000c0000000,0x00000000c3533398,0x00000000c4300000)
 Metaspace       used 62209K, committed 63680K, reserved 1114112K
  class space    used 6672K, committed 7360K, reserved 1048576K
}
Event: 89.067 GC heap after
{Heap after GC invocations=39 (full 3):
 PSYoungGen      total 17408K, used 4084K [0x00000000eab00000, 0x00000000ed080000, 0x0000000100000000)
  eden space 13312K, 0% used [0x00000000eab00000,0x00000000eab00000,0x00000000eb800000)
  from space 4096K, 99% used [0x00000000ec180000,0x00000000ec57d260,0x00000000ec580000)
  to   space 9728K, 0% used [0x00000000eb800000,0x00000000eb800000,0x00000000ec180000)
 ParOldGen       total 68608K, used 58737K [0x00000000c0000000, 0x00000000c4300000, 0x00000000eab00000)
  object space 68608K, 85% used [0x00000000c0000000,0x00000000c395c708,0x00000000c4300000)
 Metaspace       used 62209K, committed 63680K, reserved 1114112K
  class space    used 6672K, committed 7360K, reserved 1048576K
}
Event: 89.165 GC heap before
{Heap before GC invocations=40 (full 3):
 PSYoungGen      total 17408K, used 17396K [0x00000000eab00000, 0x00000000ed080000, 0x0000000100000000)
  eden space 13312K, 100% used [0x00000000eab00000,0x00000000eb800000,0x00000000eb800000)
  from space 4096K, 99% used [0x00000000ec180000,0x00000000ec57d260,0x00000000ec580000)
  to   space 9728K, 0% used [0x00000000eb800000,0x00000000eb800000,0x00000000ec180000)
 ParOldGen       total 68608K, used 58737K [0x00000000c0000000, 0x00000000c4300000, 0x00000000eab00000)
  object space 68608K, 85% used [0x00000000c0000000,0x00000000c395c708,0x00000000c4300000)
 Metaspace       used 62236K, committed 63680K, reserved 1114112K
  class space    used 6673K, committed 7360K, reserved 1048576K
}
Event: 89.169 GC heap after
{Heap after GC invocations=40 (full 3):
 PSYoungGen      total 15872K, used 2391K [0x00000000eab00000, 0x00000000ec200000, 0x0000000100000000)
  eden space 13312K, 0% used [0x00000000eab00000,0x00000000eab00000,0x00000000eb800000)
  from space 2560K, 93% used [0x00000000eb800000,0x00000000eba55f18,0x00000000eba80000)
  to   space 4608K, 0% used [0x00000000ebd80000,0x00000000ebd80000,0x00000000ec200000)
 ParOldGen       total 68608K, used 62779K [0x00000000c0000000, 0x00000000c4300000, 0x00000000eab00000)
  object space 68608K, 91% used [0x00000000c0000000,0x00000000c3d4ecc0,0x00000000c4300000)
 Metaspace       used 62236K, committed 63680K, reserved 1114112K
  class space    used 6673K, committed 7360K, reserved 1048576K
}
Event: 89.690 GC heap before
{Heap before GC invocations=41 (full 3):
 PSYoungGen      total 15872K, used 15703K [0x00000000eab00000, 0x00000000ec200000, 0x0000000100000000)
  eden space 13312K, 100% used [0x00000000eab00000,0x00000000eb800000,0x00000000eb800000)
  from space 2560K, 93% used [0x00000000eb800000,0x00000000eba55f18,0x00000000eba80000)
  to   space 4608K, 0% used [0x00000000ebd80000,0x00000000ebd80000,0x00000000ec200000)
 ParOldGen       total 68608K, used 62779K [0x00000000c0000000, 0x00000000c4300000, 0x00000000eab00000)
  object space 68608K, 91% used [0x00000000c0000000,0x00000000c3d4ecc0,0x00000000c4300000)
 Metaspace       used 62605K, committed 64000K, reserved 1114112K
  class space    used 6676K, committed 7360K, reserved 1048576K
}
Event: 89.695 GC heap after
{Heap after GC invocations=41 (full 3):
 PSYoungGen      total 15872K, used 2064K [0x00000000eab00000, 0x00000000ec000000, 0x0000000100000000)
  eden space 13312K, 0% used [0x00000000eab00000,0x00000000eab00000,0x00000000eb800000)
  from space 2560K, 80% used [0x00000000ebd80000,0x00000000ebf84020,0x00000000ec000000)
  to   space 2560K, 0% used [0x00000000eb800000,0x00000000eb800000,0x00000000eba80000)
 ParOldGen       total 68608K, used 64888K [0x00000000c0000000, 0x00000000c4300000, 0x00000000eab00000)
  object space 68608K, 94% used [0x00000000c0000000,0x00000000c3f5e140,0x00000000c4300000)
 Metaspace       used 62605K, committed 64000K, reserved 1114112K
  class space    used 6676K, committed 7360K, reserved 1048576K
}
Event: 90.101 GC heap before
{Heap before GC invocations=42 (full 3):
 PSYoungGen      total 15872K, used 15376K [0x00000000eab00000, 0x00000000ec000000, 0x0000000100000000)
  eden space 13312K, 100% used [0x00000000eab00000,0x00000000eb800000,0x00000000eb800000)
  from space 2560K, 80% used [0x00000000ebd80000,0x00000000ebf84020,0x00000000ec000000)
  to   space 2560K, 0% used [0x00000000eb800000,0x00000000eb800000,0x00000000eba80000)
 ParOldGen       total 68608K, used 64888K [0x00000000c0000000, 0x00000000c4300000, 0x00000000eab00000)
  object space 68608K, 94% used [0x00000000c0000000,0x00000000c3f5e140,0x00000000c4300000)
 Metaspace       used 62812K, committed 64192K, reserved 1114112K
  class space    used 6679K, committed 7360K, reserved 1048576K
}
Event: 90.105 GC heap after
{Heap after GC invocations=42 (full 3):
 PSYoungGen      total 15872K, used 1978K [0x00000000eab00000, 0x00000000ebe00000, 0x0000000100000000)
  eden space 13312K, 0% used [0x00000000eab00000,0x00000000eab00000,0x00000000eb800000)
  from space 2560K, 77% used [0x00000000eb800000,0x00000000eb9ee8c0,0x00000000eba80000)
  to   space 2560K, 0% used [0x00000000ebb80000,0x00000000ebb80000,0x00000000ebe00000)
 ParOldGen       total 68608K, used 66682K [0x00000000c0000000, 0x00000000c4300000, 0x00000000eab00000)
  object space 68608K, 97% used [0x00000000c0000000,0x00000000c411e960,0x00000000c4300000)
 Metaspace       used 62812K, committed 64192K, reserved 1114112K
  class space    used 6679K, committed 7360K, reserved 1048576K
}
Event: 90.321 GC heap before
{Heap before GC invocations=43 (full 3):
 PSYoungGen      total 15872K, used 15290K [0x00000000eab00000, 0x00000000ebe00000, 0x0000000100000000)
  eden space 13312K, 100% used [0x00000000eab00000,0x00000000eb800000,0x00000000eb800000)
  from space 2560K, 77% used [0x00000000eb800000,0x00000000eb9ee8c0,0x00000000eba80000)
  to   space 2560K, 0% used [0x00000000ebb80000,0x00000000ebb80000,0x00000000ebe00000)
 ParOldGen       total 68608K, used 66682K [0x00000000c0000000, 0x00000000c4300000, 0x00000000eab00000)
  object space 68608K, 97% used [0x00000000c0000000,0x00000000c411e960,0x00000000c4300000)
 Metaspace       used 62999K, committed 64384K, reserved 1114112K
  class space    used 6686K, committed 7360K, reserved 1048576K
}
Event: 90.325 GC heap after
{Heap after GC invocations=43 (full 3):
 PSYoungGen      total 14336K, used 576K [0x00000000eab00000, 0x00000000ebc80000, 0x0000000100000000)
  eden space 13312K, 0% used [0x00000000eab00000,0x00000000eab00000,0x00000000eb800000)
  from space 1024K, 56% used [0x00000000ebb80000,0x00000000ebc10000,0x00000000ebc80000)
  to   space 1536K, 0% used [0x00000000eb980000,0x00000000eb980000,0x00000000ebb00000)
 ParOldGen       total 68608K, used 68288K [0x00000000c0000000, 0x00000000c4300000, 0x00000000eab00000)
  object space 68608K, 99% used [0x00000000c0000000,0x00000000c42b0170,0x00000000c4300000)
 Metaspace       used 62999K, committed 64384K, reserved 1114112K
  class space    used 6686K, committed 7360K, reserved 1048576K
}
Event: 90.716 GC heap before
{Heap before GC invocations=44 (full 3):
 PSYoungGen      total 14336K, used 13888K [0x00000000eab00000, 0x00000000ebc80000, 0x0000000100000000)
  eden space 13312K, 100% used [0x00000000eab00000,0x00000000eb800000,0x00000000eb800000)
  from space 1024K, 56% used [0x00000000ebb80000,0x00000000ebc10000,0x00000000ebc80000)
  to   space 1536K, 0% used [0x00000000eb980000,0x00000000eb980000,0x00000000ebb00000)
 ParOldGen       total 68608K, used 68288K [0x00000000c0000000, 0x00000000c4300000, 0x00000000eab00000)
  object space 68608K, 99% used [0x00000000c0000000,0x00000000c42b0170,0x00000000c4300000)
 Metaspace       used 63731K, committed 65152K, reserved 1114112K
  class space    used 6767K, committed 7424K, reserved 1048576K
}
Event: 90.720 GC heap after
{Heap after GC invocations=44 (full 3):
 PSYoungGen      total 14848K, used 1536K [0x00000000eab00000, 0x00000000ebd00000, 0x0000000100000000)
  eden space 13312K, 0% used [0x00000000eab00000,0x00000000eab00000,0x00000000eb800000)
  from space 1536K, 100% used [0x00000000eb980000,0x00000000ebb00000,0x00000000ebb00000)
  to   space 2048K, 0% used [0x00000000ebb00000,0x00000000ebb00000,0x00000000ebd00000)
 ParOldGen       total 69120K, used 68630K [0x00000000c0000000, 0x00000000c4380000, 0x00000000eab00000)
  object space 69120K, 99% used [0x00000000c0000000,0x00000000c4305be0,0x00000000c4380000)
 Metaspace       used 63731K, committed 65152K, reserved 1114112K
  class space    used 6767K, committed 7424K, reserved 1048576K
}
Event: 92.667 GC heap before
{Heap before GC invocations=45 (full 3):
 PSYoungGen      total 14848K, used 14848K [0x00000000eab00000, 0x00000000ebd00000, 0x0000000100000000)
  eden space 13312K, 100% used [0x00000000eab00000,0x00000000eb800000,0x00000000eb800000)
  from space 1536K, 100% used [0x00000000eb980000,0x00000000ebb00000,0x00000000ebb00000)
  to   space 2048K, 0% used [0x00000000ebb00000,0x00000000ebb00000,0x00000000ebd00000)
 ParOldGen       total 69120K, used 68630K [0x00000000c0000000, 0x00000000c4380000, 0x00000000eab00000)
  object space 69120K, 99% used [0x00000000c0000000,0x00000000c4305be0,0x00000000c4380000)
 Metaspace       used 64200K, committed 65600K, reserved 1114112K
  class space    used 6798K, committed 7488K, reserved 1048576K
}
Event: 92.670 GC heap after
{Heap after GC invocations=45 (full 3):
 PSYoungGen      total 15360K, used 1600K [0x00000000eab00000, 0x00000000ebd00000, 0x0000000100000000)
  eden space 13312K, 0% used [0x00000000eab00000,0x00000000eab00000,0x00000000eb800000)
  from space 2048K, 78% used [0x00000000ebb00000,0x00000000ebc90000,0x00000000ebd00000)
  to   space 2048K, 0% used [0x00000000eb900000,0x00000000eb900000,0x00000000ebb00000)
 ParOldGen       total 70144K, used 69937K [0x00000000c0000000, 0x00000000c4480000, 0x00000000eab00000)
  object space 70144K, 99% used [0x00000000c0000000,0x00000000c444c770,0x00000000c4480000)
 Metaspace       used 64200K, committed 65600K, reserved 1114112K
  class space    used 6798K, committed 7488K, reserved 1048576K
}
Event: 93.554 GC heap before
{Heap before GC invocations=46 (full 3):
 PSYoungGen      total 15360K, used 14912K [0x00000000eab00000, 0x00000000ebd00000, 0x0000000100000000)
  eden space 13312K, 100% used [0x00000000eab00000,0x00000000eb800000,0x00000000eb800000)
  from space 2048K, 78% used [0x00000000ebb00000,0x00000000ebc90000,0x00000000ebd00000)
  to   space 2048K, 0% used [0x00000000eb900000,0x00000000eb900000,0x00000000ebb00000)
 ParOldGen       total 70144K, used 69937K [0x00000000c0000000, 0x00000000c4480000, 0x00000000eab00000)
  object space 70144K, 99% used [0x00000000c0000000,0x00000000c444c770,0x00000000c4480000)
 Metaspace       used 64283K, committed 65664K, reserved 1114112K
  class space    used 6798K, committed 7488K, reserved 1048576K
}
Event: 93.558 GC heap after
{Heap after GC invocations=46 (full 3):
 PSYoungGen      total 14848K, used 1344K [0x00000000eab00000, 0x00000000ebb80000, 0x0000000100000000)
  eden space 13312K, 0% used [0x00000000eab00000,0x00000000eab00000,0x00000000eb800000)
  from space 1536K, 87% used [0x00000000eb900000,0x00000000eba50000,0x00000000eba80000)
  to   space 1024K, 0% used [0x00000000eba80000,0x00000000eba80000,0x00000000ebb80000)
 ParOldGen       total 71680K, used 71393K [0x00000000c0000000, 0x00000000c4600000, 0x00000000eab00000)
  object space 71680K, 99% used [0x00000000c0000000,0x00000000c45b8520,0x00000000c4600000)
 Metaspace       used 64283K, committed 65664K, reserved 1114112K
  class space    used 6798K, committed 7488K, reserved 1048576K
}
Event: 93.763 GC heap before
{Heap before GC invocations=47 (full 3):
 PSYoungGen      total 14848K, used 14656K [0x00000000eab00000, 0x00000000ebb80000, 0x0000000100000000)
  eden space 13312K, 100% used [0x00000000eab00000,0x00000000eb800000,0x00000000eb800000)
  from space 1536K, 87% used [0x00000000eb900000,0x00000000eba50000,0x00000000eba80000)
  to   space 1024K, 0% used [0x00000000eba80000,0x00000000eba80000,0x00000000ebb80000)
 ParOldGen       total 71680K, used 71393K [0x00000000c0000000, 0x00000000c4600000, 0x00000000eab00000)
  object space 71680K, 99% used [0x00000000c0000000,0x00000000c45b8520,0x00000000c4600000)
 Metaspace       used 64406K, committed 65856K, reserved 1114112K
  class space    used 6798K, committed 7488K, reserved 1048576K
}
Event: 93.766 GC heap after
{Heap after GC invocations=47 (full 3):
 PSYoungGen      total 14336K, used 1024K [0x00000000eab00000, 0x00000000ebd00000, 0x0000000100000000)
  eden space 13312K, 0% used [0x00000000eab00000,0x00000000eab00000,0x00000000eb800000)
  from space 1024K, 100% used [0x00000000eba80000,0x00000000ebb80000,0x00000000ebb80000)
  to   space 2560K, 0% used [0x00000000eb800000,0x00000000eb800000,0x00000000eba80000)
 ParOldGen       total 73216K, used 72721K [0x00000000c0000000, 0x00000000c4780000, 0x00000000eab00000)
  object space 73216K, 99% used [0x00000000c0000000,0x00000000c4704530,0x00000000c4780000)
 Metaspace       used 64406K, committed 65856K, reserved 1114112K
  class space    used 6798K, committed 7488K, reserved 1048576K
}
Event: 94.008 GC heap before
{Heap before GC invocations=48 (full 3):
 PSYoungGen      total 14336K, used 14336K [0x00000000eab00000, 0x00000000ebd00000, 0x0000000100000000)
  eden space 13312K, 100% used [0x00000000eab00000,0x00000000eb800000,0x00000000eb800000)
  from space 1024K, 100% used [0x00000000eba80000,0x00000000ebb80000,0x00000000ebb80000)
  to   space 2560K, 0% used [0x00000000eb800000,0x00000000eb800000,0x00000000eba80000)
 ParOldGen       total 73216K, used 72721K [0x00000000c0000000, 0x00000000c4780000, 0x00000000eab00000)
  object space 73216K, 99% used [0x00000000c0000000,0x00000000c4704530,0x00000000c4780000)
 Metaspace       used 64601K, committed 66048K, reserved 1114112K
  class space    used 6815K, committed 7488K, reserved 1048576K
}
Event: 94.011 GC heap after
{Heap after GC invocations=48 (full 3):
 PSYoungGen      total 14336K, used 960K [0x00000000eab00000, 0x00000000ebb00000, 0x0000000100000000)
  eden space 13312K, 0% used [0x00000000eab00000,0x00000000eab00000,0x00000000eb800000)
  from space 1024K, 93% used [0x00000000eb800000,0x00000000eb8f0000,0x00000000eb900000)
  to   space 1536K, 0% used [0x00000000eb980000,0x00000000eb980000,0x00000000ebb00000)
 ParOldGen       total 73728K, used 73383K [0x00000000c0000000, 0x00000000c4800000, 0x00000000eab00000)
  object space 73728K, 99% used [0x00000000c0000000,0x00000000c47a9cd8,0x00000000c4800000)
 Metaspace       used 64601K, committed 66048K, reserved 1114112K
  class space    used 6815K, committed 7488K, reserved 1048576K
}

