# JRE version: OpenJDK Runtime Environment Temurin-21.0.9+10 (21.0.9+10) (build 21.0.9+10-LTS)
# Java VM: OpenJDK 64-Bit Server VM Temurin-21.0.9+10 (21.0.9+10-LTS, mixed mode, sharing, tiered, compressed oops, compressed class ptrs, parallel gc, windows-amd64)
GC Precious Log:
 CardTable entry size: 512
 CPUs: 8 total, 8 available
 Memory: 7988M
 Large Page Support: Disabled
 NUMA Support: Disabled
 Compressed Oops: Enabled (32-bit)
 Alignments: Space 512K, Generation 512K, Heap 2M
 Heap Min Capacity: 100M
 Heap Initial Capacity: 100M
 Heap Max Capacity: 1G
 Pre-touch: Disabled
 Parallel Workers: 8
Heap:
 PSYoungGen      total 22016K, used 4784K [0x00000000eab00000, 0x00000000ec680000, 0x0000000100000000)
  eden space 20992K, 18% used [0x00000000eab00000,0x00000000eaee4370,0x00000000ebf80000)
  from space 1024K, 78% used [0x00000000ec580000,0x00000000ec648000,0x00000000ec680000)
  to   space 1536K, 0% used [0x00000000ec380000,0x00000000ec380000,0x00000000ec500000)
 ParOldGen       total 68608K, used 45396K [0x00000000c0000000, 0x00000000c4300000, 0x00000000eab00000)
  object space 68608K, 66% used [0x00000000c0000000,0x00000000c2c552b0,0x00000000c4300000)
 Metaspace       used 43820K, committed 45120K, reserved 1114112K
  class space    used 4676K, committed 5248K, reserved 1048576K
GC Heap History (20 events):
Event: 5.310 GC heap before
{Heap before GC invocations=17 (full 2):
 PSYoungGen      total 22528K, used 22016K [0x00000000eab00000, 0x00000000ec580000, 0x0000000100000000)
  eden space 22016K, 100% used [0x00000000eab00000,0x00000000ec080000,0x00000000ec080000)
  from space 512K, 0% used [0x00000000ec500000,0x00000000ec500000,0x00000000ec580000)
  to   space 512K, 0% used [0x00000000ec480000,0x00000000ec480000,0x00000000ec500000)
 ParOldGen       total 68608K, used 19134K [0x00000000c0000000, 0x00000000c4300000, 0x00000000eab00000)
  object space 68608K, 27% used [0x00000000c0000000,0x00000000c12afb90,0x00000000c4300000)
 Metaspace       used 36613K, committed 37888K, reserved 1114112K
  class space    used 3716K, committed 4288K, reserved 1048576K
}
Event: 5.313 GC heap after
{Heap after GC invocations=17 (full 2):
 PSYoungGen      total 22528K, used 480K [0x00000000eab00000, 0x00000000ec780000, 0x0000000100000000)
  eden space 22016K, 0% used [0x00000000eab00000,0x00000000eab00000,0x00000000ec080000)
  from space 512K, 93% used [0x00000000ec480000,0x00000000ec4f8020,0x00000000ec500000)
  to   space 2560K, 0% used [0x00000000ec500000,0x00000000ec500000,0x00000000ec780000)
 ParOldGen       total 68608K, used 21739K [0x00000000c0000000, 0x00000000c4300000, 0x00000000eab00000)
  object space 68608K, 31% used [0x00000000c0000000,0x00000000c153aef8,0x00000000c4300000)
 Metaspace       used 36613K, committed 37888K, reserved 1114112K
  class space    used 3716K, committed 4288K, reserved 1048576K
}
Event: 5.453 GC heap before
{Heap before GC invocations=18 (full 2):
 PSYoungGen      total 22528K, used 22496K [0x00000000eab00000, 0x00000000ec780000, 0x0000000100000000)
  eden space 22016K, 100% used [0x00000000eab00000,0x00000000ec080000,0x00000000ec080000)
  from space 512K, 93% used [0x00000000ec480000,0x00000000ec4f8020,0x00000000ec500000)
  to   space 2560K, 0% used [0x00000000ec500000,0x00000000ec500000,0x00000000ec780000)
 ParOldGen       total 68608K, used 21739K [0x00000000c0000000, 0x00000000c4300000, 0x00000000eab00000)
  object space 68608K, 31% used [0x00000000c0000000,0x00000000c153aef8,0x00000000c4300000)
 Metaspace       used 37500K, committed 38848K, reserved 1114112K
  class space    used 3839K, committed 4416K, reserved 1048576K
}
Event: 5.459 GC heap after
{Heap after GC invocations=18 (full 2):
 PSYoungGen      total 23552K, used 2544K [0x00000000eab00000, 0x00000000ecb80000, 0x0000000100000000)
  eden space 20992K, 0% used [0x00000000eab00000,0x00000000eab00000,0x00000000ebf80000)
  from space 2560K, 99% used [0x00000000ec500000,0x00000000ec77c020,0x00000000ec780000)
  to   space 5632K, 0% used [0x00000000ebf80000,0x00000000ebf80000,0x00000000ec500000)
 ParOldGen       total 68608K, used 24341K [0x00000000c0000000, 0x00000000c4300000, 0x00000000eab00000)
  object space 68608K, 35% used [0x00000000c0000000,0x00000000c17c5728,0x00000000c4300000)
 Metaspace       used 37500K, committed 38848K, reserved 1114112K
  class space    used 3839K, committed 4416K, reserved 1048576K
}
Event: 5.569 GC heap before
{Heap before GC invocations=19 (full 2):
 PSYoungGen      total 23552K, used 23536K [0x00000000eab00000, 0x00000000ecb80000, 0x0000000100000000)
  eden space 20992K, 100% used [0x00000000eab00000,0x00000000ebf80000,0x00000000ebf80000)
  from space 2560K, 99% used [0x00000000ec500000,0x00000000ec77c020,0x00000000ec780000)
  to   space 5632K, 0% used [0x00000000ebf80000,0x00000000ebf80000,0x00000000ec500000)
 ParOldGen       total 68608K, used 24341K [0x00000000c0000000, 0x00000000c4300000, 0x00000000eab00000)
  object space 68608K, 35% used [0x00000000c0000000,0x00000000c17c5728,0x00000000c4300000)
 Metaspace       used 38383K, committed 39616K, reserved 1114112K
  class space    used 3951K, committed 4480K, reserved 1048576K
}
Event: 5.578 GC heap after
{Heap after GC invocations=19 (full 2):
 PSYoungGen      total 26624K, used 5618K [0x00000000eab00000, 0x00000000ed580000, 0x0000000100000000)
  eden space 20992K, 0% used [0x00000000eab00000,0x00000000eab00000,0x00000000ebf80000)
  from space 5632K, 99% used [0x00000000ebf80000,0x00000000ec4fc8b8,0x00000000ec500000)
  to   space 11264K, 0% used [0x00000000eca80000,0x00000000eca80000,0x00000000ed580000)
 ParOldGen       total 68608K, used 28774K [0x00000000c0000000, 0x00000000c4300000, 0x00000000eab00000)
  object space 68608K, 41% used [0x00000000c0000000,0x00000000c1c19848,0x00000000c4300000)
 Metaspace       used 38383K, committed 39616K, reserved 1114112K
  class space    used 3951K, committed 4480K, reserved 1048576K
}
Event: 5.694 GC heap before
{Heap before GC invocations=20 (full 2):
 PSYoungGen      total 26624K, used 26610K [0x00000000eab00000, 0x00000000ed580000, 0x0000000100000000)
  eden space 20992K, 100% used [0x00000000eab00000,0x00000000ebf80000,0x00000000ebf80000)
  from space 5632K, 99% used [0x00000000ebf80000,0x00000000ec4fc8b8,0x00000000ec500000)
  to   space 11264K, 0% used [0x00000000eca80000,0x00000000eca80000,0x00000000ed580000)
 ParOldGen       total 68608K, used 28774K [0x00000000c0000000, 0x00000000c4300000, 0x00000000eab00000)
  object space 68608K, 41% used [0x00000000c0000000,0x00000000c1c19848,0x00000000c4300000)
 Metaspace       used 39700K, committed 41024K, reserved 1114112K
  class space    used 4150K, committed 4736K, reserved 1048576K
}
Event: 5.700 GC heap after
{Heap after GC invocations=20 (full 2):
 PSYoungGen      total 23552K, used 2129K [0x00000000eab00000, 0x00000000ecd00000, 0x0000000100000000)
  eden space 20992K, 0% used [0x00000000eab00000,0x00000000eab00000,0x00000000ebf80000)
  from space 2560K, 83% used [0x00000000eca80000,0x00000000ecc94410,0x00000000ecd00000)
  to   space 5120K, 0% used [0x00000000ec300000,0x00000000ec300000,0x00000000ec800000)
 ParOldGen       total 68608K, used 34350K [0x00000000c0000000, 0x00000000c4300000, 0x00000000eab00000)
  object space 68608K, 50% used [0x00000000c0000000,0x00000000c218b8f0,0x00000000c4300000)
 Metaspace       used 39700K, committed 41024K, reserved 1114112K
  class space    used 4150K, committed 4736K, reserved 1048576K
}
Event: 5.781 GC heap before
{Heap before GC invocations=21 (full 2):
 PSYoungGen      total 23552K, used 23121K [0x00000000eab00000, 0x00000000ecd00000, 0x0000000100000000)
  eden space 20992K, 100% used [0x00000000eab00000,0x00000000ebf80000,0x00000000ebf80000)
  from space 2560K, 83% used [0x00000000eca80000,0x00000000ecc94410,0x00000000ecd00000)
  to   space 5120K, 0% used [0x00000000ec300000,0x00000000ec300000,0x00000000ec800000)
 ParOldGen       total 68608K, used 34350K [0x00000000c0000000, 0x00000000c4300000, 0x00000000eab00000)
  object space 68608K, 50% used [0x00000000c0000000,0x00000000c218b8f0,0x00000000c4300000)
 Metaspace       used 40093K, committed 41408K, reserved 1114112K
  class space    used 4206K, committed 4800K, reserved 1048576K
}
Event: 5.786 GC heap after
{Heap after GC invocations=21 (full 2):
 PSYoungGen      total 26112K, used 2370K [0x00000000eab00000, 0x00000000ecb00000, 0x0000000100000000)
  eden space 20992K, 0% used [0x00000000eab00000,0x00000000eab00000,0x00000000ebf80000)
  from space 5120K, 46% used [0x00000000ec300000,0x00000000ec550810,0x00000000ec800000)
  to   space 3072K, 0% used [0x00000000ec800000,0x00000000ec800000,0x00000000ecb00000)
 ParOldGen       total 68608K, used 36237K [0x00000000c0000000, 0x00000000c4300000, 0x00000000eab00000)
  object space 68608K, 52% used [0x00000000c0000000,0x00000000c23637e0,0x00000000c4300000)
 Metaspace       used 40093K, committed 41408K, reserved 1114112K
  class space    used 4206K, committed 4800K, reserved 1048576K
}
Event: 5.858 GC heap before
{Heap before GC invocations=22 (full 2):
 PSYoungGen      total 26112K, used 23362K [0x00000000eab00000, 0x00000000ecb00000, 0x0000000100000000)
  eden space 20992K, 100% used [0x00000000eab00000,0x00000000ebf80000,0x00000000ebf80000)
  from space 5120K, 46% used [0x00000000ec300000,0x00000000ec550810,0x00000000ec800000)
  to   space 3072K, 0% used [0x00000000ec800000,0x00000000ec800000,0x00000000ecb00000)
 ParOldGen       total 68608K, used 36237K [0x00000000c0000000, 0x00000000c4300000, 0x00000000eab00000)
  object space 68608K, 52% used [0x00000000c0000000,0x00000000c23637e0,0x00000000c4300000)
 Metaspace       used 40283K, committed 41600K, reserved 1114112K
  class space    used 4232K, committed 4800K, reserved 1048576K
}
Event: 5.863 GC heap after
{Heap after GC invocations=22 (full 2):
 PSYoungGen      total 23552K, used 2052K [0x00000000eab00000, 0x00000000eca80000, 0x0000000100000000)
  eden space 20992K, 0% used [0x00000000eab00000,0x00000000eab00000,0x00000000ebf80000)
  from space 2560K, 80% used [0x00000000ec800000,0x00000000eca01020,0x00000000eca80000)
  to   space 2560K, 0% used [0x00000000ec580000,0x00000000ec580000,0x00000000ec800000)
 ParOldGen       total 68608K, used 38380K [0x00000000c0000000, 0x00000000c4300000, 0x00000000eab00000)
  object space 68608K, 55% used [0x00000000c0000000,0x00000000c257b1a0,0x00000000c4300000)
 Metaspace       used 40283K, committed 41600K, reserved 1114112K
  class space    used 4232K, committed 4800K, reserved 1048576K
}
Event: 6.938 GC heap before
{Heap before GC invocations=23 (full 2):
 PSYoungGen      total 23552K, used 23044K [0x00000000eab00000, 0x00000000eca80000, 0x0000000100000000)
  eden space 20992K, 100% used [0x00000000eab00000,0x00000000ebf80000,0x00000000ebf80000)
  from space 2560K, 80% used [0x00000000ec800000,0x00000000eca01020,0x00000000eca80000)
  to   space 2560K, 0% used [0x00000000ec580000,0x00000000ec580000,0x00000000ec800000)
 ParOldGen       total 68608K, used 38380K [0x00000000c0000000, 0x00000000c4300000, 0x00000000eab00000)
  object space 68608K, 55% used [0x00000000c0000000,0x00000000c257b1a0,0x00000000c4300000)
 Metaspace       used 40455K, committed 41792K, reserved 1114112K
  class space    used 4258K, committed 4864K, reserved 1048576K
}
Event: 6.941 GC heap after
{Heap after GC invocations=23 (full 2):
 PSYoungGen      total 23040K, used 1821K [0x00000000eab00000, 0x00000000ec880000, 0x0000000100000000)
  eden space 20992K, 0% used [0x00000000eab00000,0x00000000eab00000,0x00000000ebf80000)
  from space 2048K, 88% used [0x00000000ec580000,0x00000000ec747620,0x00000000ec780000)
  to   space 1024K, 0% used [0x00000000ec780000,0x00000000ec780000,0x00000000ec880000)
 ParOldGen       total 68608K, used 40257K [0x00000000c0000000, 0x00000000c4300000, 0x00000000eab00000)
  object space 68608K, 58% used [0x00000000c0000000,0x00000000c27507c8,0x00000000c4300000)
 Metaspace       used 40455K, committed 41792K, reserved 1114112K
  class space    used 4258K, committed 4864K, reserved 1048576K
}
Event: 7.013 GC heap before
{Heap before GC invocations=24 (full 2):
 PSYoungGen      total 23040K, used 22813K [0x00000000eab00000, 0x00000000ec880000, 0x0000000100000000)
  eden space 20992K, 100% used [0x00000000eab00000,0x00000000ebf80000,0x00000000ebf80000)
  from space 2048K, 88% used [0x00000000ec580000,0x00000000ec747620,0x00000000ec780000)
  to   space 1024K, 0% used [0x00000000ec780000,0x00000000ec780000,0x00000000ec880000)
 ParOldGen       total 68608K, used 40257K [0x00000000c0000000, 0x00000000c4300000, 0x00000000eab00000)
  object space 68608K, 58% used [0x00000000c0000000,0x00000000c27507c8,0x00000000c4300000)
 Metaspace       used 40705K, committed 41984K, reserved 1114112K
  class space    used 4289K, committed 4864K, reserved 1048576K
}
Event: 7.017 GC heap after
{Heap after GC invocations=24 (full 2):
 PSYoungGen      total 22016K, used 1024K [0x00000000eab00000, 0x00000000ec880000, 0x0000000100000000)
  eden space 20992K, 0% used [0x00000000eab00000,0x00000000eab00000,0x00000000ebf80000)
  from space 1024K, 100% used [0x00000000ec780000,0x00000000ec880000,0x00000000ec880000)
  to   space 4096K, 0% used [0x00000000ec080000,0x00000000ec080000,0x00000000ec480000)
 ParOldGen       total 68608K, used 42864K [0x00000000c0000000, 0x00000000c4300000, 0x00000000eab00000)
  object space 68608K, 62% used [0x00000000c0000000,0x00000000c29dc298,0x00000000c4300000)
 Metaspace       used 40705K, committed 41984K, reserved 1114112K
  class space    used 4289K, committed 4864K, reserved 1048576K
}
Event: 7.136 GC heap before
{Heap before GC invocations=25 (full 2):
 PSYoungGen      total 22016K, used 22016K [0x00000000eab00000, 0x00000000ec880000, 0x0000000100000000)
  eden space 20992K, 100% used [0x00000000eab00000,0x00000000ebf80000,0x00000000ebf80000)
  from space 1024K, 100% used [0x00000000ec780000,0x00000000ec880000,0x00000000ec880000)
  to   space 4096K, 0% used [0x00000000ec080000,0x00000000ec080000,0x00000000ec480000)
 ParOldGen       total 68608K, used 42864K [0x00000000c0000000, 0x00000000c4300000, 0x00000000eab00000)
  object space 68608K, 62% used [0x00000000c0000000,0x00000000c29dc298,0x00000000c4300000)
 Metaspace       used 41441K, committed 42688K, reserved 1114112K
  class space    used 4375K, committed 4928K, reserved 1048576K
}
Event: 7.138 GC heap after
{Heap after GC invocations=25 (full 2):
 PSYoungGen      total 25088K, used 1656K [0x00000000eab00000, 0x00000000ec800000, 0x0000000100000000)
  eden space 20992K, 0% used [0x00000000eab00000,0x00000000eab00000,0x00000000ebf80000)
  from space 4096K, 40% used [0x00000000ec080000,0x00000000ec21e200,0x00000000ec480000)
  to   space 2560K, 0% used [0x00000000ec580000,0x00000000ec580000,0x00000000ec800000)
 ParOldGen       total 68608K, used 43919K [0x00000000c0000000, 0x00000000c4300000, 0x00000000eab00000)
  object space 68608K, 64% used [0x00000000c0000000,0x00000000c2ae3d58,0x00000000c4300000)
 Metaspace       used 41441K, committed 42688K, reserved 1114112K
  class space    used 4375K, committed 4928K, reserved 1048576K
}
Event: 7.558 GC heap before
{Heap before GC invocations=26 (full 2):
 PSYoungGen      total 25088K, used 22648K [0x00000000eab00000, 0x00000000ec800000, 0x0000000100000000)
  eden space 20992K, 100% used [0x00000000eab00000,0x00000000ebf80000,0x00000000ebf80000)
  from space 4096K, 40% used [0x00000000ec080000,0x00000000ec21e200,0x00000000ec480000)
  to   space 2560K, 0% used [0x00000000ec580000,0x00000000ec580000,0x00000000ec800000)
 ParOldGen       total 68608K, used 43919K [0x00000000c0000000, 0x00000000c4300000, 0x00000000eab00000)
  object space 68608K, 64% used [0x00000000c0000000,0x00000000c2ae3d58,0x00000000c4300000)
 Metaspace       used 43413K, committed 44736K, reserved 1114112K
  class space    used 4629K, committed 5184K, reserved 1048576K
}
Event: 7.561 GC heap after
{Heap after GC invocations=26 (full 2):
 PSYoungGen      total 22016K, used 800K [0x00000000eab00000, 0x00000000ec680000, 0x0000000100000000)
  eden space 20992K, 0% used [0x00000000eab00000,0x00000000eab00000,0x00000000ebf80000)
  from space 1024K, 78% used [0x00000000ec580000,0x00000000ec648000,0x00000000ec680000)
  to   space 1536K, 0% used [0x00000000ec380000,0x00000000ec380000,0x00000000ec500000)
 ParOldGen       total 68608K, used 45396K [0x00000000c0000000, 0x00000000c4300000, 0x00000000eab00000)
  object space 68608K, 66% used [0x00000000c0000000,0x00000000c2c552b0,0x00000000c4300000)
 Metaspace       used 43413K, committed 44736K, reserved 1114112K
  class space    used 4629K, committed 5184K, reserved 1048576K
}

