# JRE version: OpenJDK Runtime Environment Temurin-21.0.9+10 (21.0.9+10) (build 21.0.9+10-LTS)
# Java VM: OpenJDK 64-Bit Server VM Temurin-21.0.9+10 (21.0.9+10-LTS, mixed mode, sharing, tiered, compressed oops, compressed class ptrs, parallel gc, windows-amd64)
GC Precious Log:
 CardTable entry size: 512
 CPUs: 8 total, 8 available
 Memory: 7988M
 Large Page Support: Disabled
 NUMA Support: Disabled
 Compressed Oops: Enabled (32-bit)
 Alignments: Space 512K, Generation 512K, Heap 2M
 Heap Min Capacity: 100M
 Heap Initial Capacity: 100M
 Heap Max Capacity: 1G
 Pre-touch: Disabled
 Parallel Workers: 8
Heap:
 PSYoungGen      total 17920K, used 13369K [0x00000000eab00000, 0x00000000ec180000, 0x0000000100000000)
  eden space 16384K, 75% used [0x00000000eab00000,0x00000000eb706508,0x00000000ebb00000)
  from space 1536K, 68% used [0x00000000ec000000,0x00000000ec108010,0x00000000ec180000)
  to   space 2560K, 0% used [0x00000000ebc80000,0x00000000ebc80000,0x00000000ebf00000)
 ParOldGen       total 68608K, used 53781K [0x00000000c0000000, 0x00000000c4300000, 0x00000000eab00000)
  object space 68608K, 78% used [0x00000000c0000000,0x00000000c34857f0,0x00000000c4300000)
 Metaspace       used 54364K, committed 55808K, reserved 1114112K
  class space    used 5893K, committed 6528K, reserved 1048576K
GC Heap History (20 events):
Event: 8.539 GC heap before
{Heap before GC invocations=25 (full 2):
 PSYoungGen      total 17920K, used 17906K [0x00000000eab00000, 0x00000000ec400000, 0x0000000100000000)
  eden space 16384K, 100% used [0x00000000eab00000,0x00000000ebb00000,0x00000000ebb00000)
  from space 1536K, 99% used [0x00000000ebf00000,0x00000000ec07ca50,0x00000000ec080000)
  to   space 4096K, 0% used [0x00000000ebb00000,0x00000000ebb00000,0x00000000ebf00000)
 ParOldGen       total 68608K, used 40068K [0x00000000c0000000, 0x00000000c4300000, 0x00000000eab00000)
  object space 68608K, 58% used [0x00000000c0000000,0x00000000c2721340,0x00000000c4300000)
 Metaspace       used 43776K, committed 45120K, reserved 1114112K
  class space    used 4707K, committed 5312K, reserved 1048576K
}
Event: 8.546 GC heap after
{Heap after GC invocations=25 (full 2):
 PSYoungGen      total 17920K, used 1536K [0x00000000eab00000, 0x00000000ec000000, 0x0000000100000000)
  eden space 16384K, 0% used [0x00000000eab00000,0x00000000eab00000,0x00000000ebb00000)
  from space 1536K, 100% used [0x00000000ebb00000,0x00000000ebc80000,0x00000000ebc80000)
  to   space 2560K, 0% used [0x00000000ebd80000,0x00000000ebd80000,0x00000000ec000000)
 ParOldGen       total 68608K, used 41550K [0x00000000c0000000, 0x00000000c4300000, 0x00000000eab00000)
  object space 68608K, 60% used [0x00000000c0000000,0x00000000c2893968,0x00000000c4300000)
 Metaspace       used 43776K, committed 45120K, reserved 1114112K
  class space    used 4707K, committed 5312K, reserved 1048576K
}
Event: 8.629 GC heap before
{Heap before GC invocations=26 (full 2):
 PSYoungGen      total 17920K, used 17920K [0x00000000eab00000, 0x00000000ec000000, 0x0000000100000000)
  eden space 16384K, 100% used [0x00000000eab00000,0x00000000ebb00000,0x00000000ebb00000)
  from space 1536K, 100% used [0x00000000ebb00000,0x00000000ebc80000,0x00000000ebc80000)
  to   space 2560K, 0% used [0x00000000ebd80000,0x00000000ebd80000,0x00000000ec000000)
 ParOldGen       total 68608K, used 41550K [0x00000000c0000000, 0x00000000c4300000, 0x00000000eab00000)
  object space 68608K, 60% used [0x00000000c0000000,0x00000000c2893968,0x00000000c4300000)
 Metaspace       used 44074K, committed 45440K, reserved 1114112K
  class space    used 4749K, committed 5312K, reserved 1048576K
}
Event: 8.634 GC heap after
{Heap after GC invocations=26 (full 2):
 PSYoungGen      total 18432K, used 1824K [0x00000000eab00000, 0x00000000ebf80000, 0x0000000100000000)
  eden space 16384K, 0% used [0x00000000eab00000,0x00000000eab00000,0x00000000ebb00000)
  from space 2048K, 89% used [0x00000000ebd80000,0x00000000ebf48010,0x00000000ebf80000)
  to   space 2048K, 0% used [0x00000000ebb80000,0x00000000ebb80000,0x00000000ebd80000)
 ParOldGen       total 68608K, used 42973K [0x00000000c0000000, 0x00000000c4300000, 0x00000000eab00000)
  object space 68608K, 62% used [0x00000000c0000000,0x00000000c29f7668,0x00000000c4300000)
 Metaspace       used 44074K, committed 45440K, reserved 1114112K
  class space    used 4749K, committed 5312K, reserved 1048576K
}
Event: 8.693 GC heap before
{Heap before GC invocations=27 (full 2):
 PSYoungGen      total 18432K, used 18208K [0x00000000eab00000, 0x00000000ebf80000, 0x0000000100000000)
  eden space 16384K, 100% used [0x00000000eab00000,0x00000000ebb00000,0x00000000ebb00000)
  from space 2048K, 89% used [0x00000000ebd80000,0x00000000ebf48010,0x00000000ebf80000)
  to   space 2048K, 0% used [0x00000000ebb80000,0x00000000ebb80000,0x00000000ebd80000)
 ParOldGen       total 68608K, used 42973K [0x00000000c0000000, 0x00000000c4300000, 0x00000000eab00000)
  object space 68608K, 62% used [0x00000000c0000000,0x00000000c29f7668,0x00000000c4300000)
 Metaspace       used 44343K, committed 45696K, reserved 1114112K
  class space    used 4779K, committed 5376K, reserved 1048576K
}
Event: 8.698 GC heap after
{Heap after GC invocations=27 (full 2):
 PSYoungGen      total 18432K, used 1592K [0x00000000eab00000, 0x00000000ebf00000, 0x0000000100000000)
  eden space 16384K, 0% used [0x00000000eab00000,0x00000000eab00000,0x00000000ebb00000)
  from space 2048K, 77% used [0x00000000ebb80000,0x00000000ebd0e200,0x00000000ebd80000)
  to   space 1536K, 0% used [0x00000000ebd80000,0x00000000ebd80000,0x00000000ebf00000)
 ParOldGen       total 68608K, used 44629K [0x00000000c0000000, 0x00000000c4300000, 0x00000000eab00000)
  object space 68608K, 65% used [0x00000000c0000000,0x00000000c2b95678,0x00000000c4300000)
 Metaspace       used 44343K, committed 45696K, reserved 1114112K
  class space    used 4779K, committed 5376K, reserved 1048576K
}
Event: 9.045 GC heap before
{Heap before GC invocations=28 (full 2):
 PSYoungGen      total 18432K, used 17976K [0x00000000eab00000, 0x00000000ebf00000, 0x0000000100000000)
  eden space 16384K, 100% used [0x00000000eab00000,0x00000000ebb00000,0x00000000ebb00000)
  from space 2048K, 77% used [0x00000000ebb80000,0x00000000ebd0e200,0x00000000ebd80000)
  to   space 1536K, 0% used [0x00000000ebd80000,0x00000000ebd80000,0x00000000ebf00000)
 ParOldGen       total 68608K, used 44629K [0x00000000c0000000, 0x00000000c4300000, 0x00000000eab00000)
  object space 68608K, 65% used [0x00000000c0000000,0x00000000c2b95678,0x00000000c4300000)
 Metaspace       used 46076K, committed 47424K, reserved 1114112K
  class space    used 4993K, committed 5568K, reserved 1048576K
}
Event: 9.049 GC heap after
{Heap after GC invocations=28 (full 2):
 PSYoungGen      total 17920K, used 1344K [0x00000000eab00000, 0x00000000ebf00000, 0x0000000100000000)
  eden space 16384K, 0% used [0x00000000eab00000,0x00000000eab00000,0x00000000ebb00000)
  from space 1536K, 87% used [0x00000000ebd80000,0x00000000ebed0000,0x00000000ebf00000)
  to   space 1536K, 0% used [0x00000000ebc00000,0x00000000ebc00000,0x00000000ebd80000)
 ParOldGen       total 68608K, used 46074K [0x00000000c0000000, 0x00000000c4300000, 0x00000000eab00000)
  object space 68608K, 67% used [0x00000000c0000000,0x00000000c2cfebd0,0x00000000c4300000)
 Metaspace       used 46076K, committed 47424K, reserved 1114112K
  class space    used 4993K, committed 5568K, reserved 1048576K
}
Event: 9.382 GC heap before
{Heap before GC invocations=29 (full 2):
 PSYoungGen      total 17920K, used 17728K [0x00000000eab00000, 0x00000000ebf00000, 0x0000000100000000)
  eden space 16384K, 100% used [0x00000000eab00000,0x00000000ebb00000,0x00000000ebb00000)
  from space 1536K, 87% used [0x00000000ebd80000,0x00000000ebed0000,0x00000000ebf00000)
  to   space 1536K, 0% used [0x00000000ebc00000,0x00000000ebc00000,0x00000000ebd80000)
 ParOldGen       total 68608K, used 46074K [0x00000000c0000000, 0x00000000c4300000, 0x00000000eab00000)
  object space 68608K, 67% used [0x00000000c0000000,0x00000000c2cfebd0,0x00000000c4300000)
 Metaspace       used 47763K, committed 49088K, reserved 1114112K
  class space    used 5204K, committed 5824K, reserved 1048576K
}
Event: 9.386 GC heap after
{Heap after GC invocations=29 (full 2):
 PSYoungGen      total 17920K, used 1184K [0x00000000eab00000, 0x00000000ebe00000, 0x0000000100000000)
  eden space 16384K, 0% used [0x00000000eab00000,0x00000000eab00000,0x00000000ebb00000)
  from space 1536K, 77% used [0x00000000ebc00000,0x00000000ebd28000,0x00000000ebd80000)
  to   space 512K, 0% used [0x00000000ebd80000,0x00000000ebd80000,0x00000000ebe00000)
 ParOldGen       total 68608K, used 47194K [0x00000000c0000000, 0x00000000c4300000, 0x00000000eab00000)
  object space 68608K, 68% used [0x00000000c0000000,0x00000000c2e16bf0,0x00000000c4300000)
 Metaspace       used 47763K, committed 49088K, reserved 1114112K
  class space    used 5204K, committed 5824K, reserved 1048576K
}
Event: 9.729 GC heap before
{Heap before GC invocations=30 (full 2):
 PSYoungGen      total 17920K, used 17568K [0x00000000eab00000, 0x00000000ebe00000, 0x0000000100000000)
  eden space 16384K, 100% used [0x00000000eab00000,0x00000000ebb00000,0x00000000ebb00000)
  from space 1536K, 77% used [0x00000000ebc00000,0x00000000ebd28000,0x00000000ebd80000)
  to   space 512K, 0% used [0x00000000ebd80000,0x00000000ebd80000,0x00000000ebe00000)
 ParOldGen       total 68608K, used 47194K [0x00000000c0000000, 0x00000000c4300000, 0x00000000eab00000)
  object space 68608K, 68% used [0x00000000c0000000,0x00000000c2e16bf0,0x00000000c4300000)
 Metaspace       used 50015K, committed 51328K, reserved 1114112K
  class space    used 5447K, committed 6016K, reserved 1048576K
}
Event: 9.731 GC heap after
{Heap after GC invocations=30 (full 2):
 PSYoungGen      total 16896K, used 489K [0x00000000eab00000, 0x00000000ebf00000, 0x0000000100000000)
  eden space 16384K, 0% used [0x00000000eab00000,0x00000000eab00000,0x00000000ebb00000)
  from space 512K, 95% used [0x00000000ebd80000,0x00000000ebdfa750,0x00000000ebe00000)
  to   space 2048K, 0% used [0x00000000ebb00000,0x00000000ebb00000,0x00000000ebd00000)
 ParOldGen       total 68608K, used 48499K [0x00000000c0000000, 0x00000000c4300000, 0x00000000eab00000)
  object space 68608K, 70% used [0x00000000c0000000,0x00000000c2f5cc98,0x00000000c4300000)
 Metaspace       used 50015K, committed 51328K, reserved 1114112K
  class space    used 5447K, committed 6016K, reserved 1048576K
}
Event: 10.203 GC heap before
{Heap before GC invocations=31 (full 2):
 PSYoungGen      total 16896K, used 16873K [0x00000000eab00000, 0x00000000ebf00000, 0x0000000100000000)
  eden space 16384K, 100% used [0x00000000eab00000,0x00000000ebb00000,0x00000000ebb00000)
  from space 512K, 95% used [0x00000000ebd80000,0x00000000ebdfa750,0x00000000ebe00000)
  to   space 2048K, 0% used [0x00000000ebb00000,0x00000000ebb00000,0x00000000ebd00000)
 ParOldGen       total 68608K, used 48499K [0x00000000c0000000, 0x00000000c4300000, 0x00000000eab00000)
  object space 68608K, 70% used [0x00000000c0000000,0x00000000c2f5cc98,0x00000000c4300000)
 Metaspace       used 51029K, committed 52416K, reserved 1114112K
  class space    used 5596K, committed 6208K, reserved 1048576K
}
Event: 10.205 GC heap after
{Heap after GC invocations=31 (full 2):
 PSYoungGen      total 18432K, used 496K [0x00000000eab00000, 0x00000000ebe00000, 0x0000000100000000)
  eden space 16384K, 0% used [0x00000000eab00000,0x00000000eab00000,0x00000000ebb00000)
  from space 2048K, 24% used [0x00000000ebb00000,0x00000000ebb7c030,0x00000000ebd00000)
  to   space 1024K, 0% used [0x00000000ebd00000,0x00000000ebd00000,0x00000000ebe00000)
 ParOldGen       total 68608K, used 48978K [0x00000000c0000000, 0x00000000c4300000, 0x00000000eab00000)
  object space 68608K, 71% used [0x00000000c0000000,0x00000000c2fd48f8,0x00000000c4300000)
 Metaspace       used 51029K, committed 52416K, reserved 1114112K
  class space    used 5596K, committed 6208K, reserved 1048576K
}
Event: 10.636 GC heap before
{Heap before GC invocations=32 (full 2):
 PSYoungGen      total 18432K, used 16880K [0x00000000eab00000, 0x00000000ebe00000, 0x0000000100000000)
  eden space 16384K, 100% used [0x00000000eab00000,0x00000000ebb00000,0x00000000ebb00000)
  from space 2048K, 24% used [0x00000000ebb00000,0x00000000ebb7c030,0x00000000ebd00000)
  to   space 1024K, 0% used [0x00000000ebd00000,0x00000000ebd00000,0x00000000ebe00000)
 ParOldGen       total 68608K, used 48978K [0x00000000c0000000, 0x00000000c4300000, 0x00000000eab00000)
  object space 68608K, 71% used [0x00000000c0000000,0x00000000c2fd48f8,0x00000000c4300000)
 Metaspace       used 51963K, committed 53376K, reserved 1114112K
  class space    used 5684K, committed 6272K, reserved 1048576K
}
Event: 10.638 GC heap after
{Heap after GC invocations=32 (full 2):
 PSYoungGen      total 16896K, used 352K [0x00000000eab00000, 0x00000000ebd80000, 0x0000000100000000)
  eden space 16384K, 0% used [0x00000000eab00000,0x00000000eab00000,0x00000000ebb00000)
  from space 512K, 68% used [0x00000000ebd00000,0x00000000ebd58000,0x00000000ebd80000)
  to   space 512K, 0% used [0x00000000ebc80000,0x00000000ebc80000,0x00000000ebd00000)
 ParOldGen       total 68608K, used 49385K [0x00000000c0000000, 0x00000000c4300000, 0x00000000eab00000)
  object space 68608K, 71% used [0x00000000c0000000,0x00000000c303a718,0x00000000c4300000)
 Metaspace       used 51963K, committed 53376K, reserved 1114112K
  class space    used 5684K, committed 6272K, reserved 1048576K
}
Event: 10.859 GC heap before
{Heap before GC invocations=33 (full 2):
 PSYoungGen      total 16896K, used 16736K [0x00000000eab00000, 0x00000000ebd80000, 0x0000000100000000)
  eden space 16384K, 100% used [0x00000000eab00000,0x00000000ebb00000,0x00000000ebb00000)
  from space 512K, 68% used [0x00000000ebd00000,0x00000000ebd58000,0x00000000ebd80000)
  to   space 512K, 0% used [0x00000000ebc80000,0x00000000ebc80000,0x00000000ebd00000)
 ParOldGen       total 68608K, used 49385K [0x00000000c0000000, 0x00000000c4300000, 0x00000000eab00000)
  object space 68608K, 71% used [0x00000000c0000000,0x00000000c303a718,0x00000000c4300000)
 Metaspace       used 52489K, committed 53952K, reserved 1114112K
  class space    used 5733K, committed 6400K, reserved 1048576K
}
Event: 10.861 GC heap after
{Heap after GC invocations=33 (full 2):
 PSYoungGen      total 16896K, used 511K [0x00000000eab00000, 0x00000000ec500000, 0x0000000100000000)
  eden space 16384K, 0% used [0x00000000eab00000,0x00000000eab00000,0x00000000ebb00000)
  from space 512K, 99% used [0x00000000ebc80000,0x00000000ebcffd18,0x00000000ebd00000)
  to   space 5120K, 0% used [0x00000000ec000000,0x00000000ec000000,0x00000000ec500000)
 ParOldGen       total 68608K, used 53269K [0x00000000c0000000, 0x00000000c4300000, 0x00000000eab00000)
  object space 68608K, 77% used [0x00000000c0000000,0x00000000c3405718,0x00000000c4300000)
 Metaspace       used 52489K, committed 53952K, reserved 1114112K
  class space    used 5733K, committed 6400K, reserved 1048576K
}
Event: 11.484 GC heap before
{Heap before GC invocations=34 (full 2):
 PSYoungGen      total 16896K, used 16895K [0x00000000eab00000, 0x00000000ec500000, 0x0000000100000000)
  eden space 16384K, 100% used [0x00000000eab00000,0x00000000ebb00000,0x00000000ebb00000)
  from space 512K, 99% used [0x00000000ebc80000,0x00000000ebcffd18,0x00000000ebd00000)
  to   space 5120K, 0% used [0x00000000ec000000,0x00000000ec000000,0x00000000ec500000)
 ParOldGen       total 68608K, used 53269K [0x00000000c0000000, 0x00000000c4300000, 0x00000000eab00000)
  object space 68608K, 77% used [0x00000000c0000000,0x00000000c3405718,0x00000000c4300000)
 Metaspace       used 53827K, committed 55232K, reserved 1114112K
  class space    used 5836K, committed 6464K, reserved 1048576K
}
Event: 11.486 GC heap after
{Heap after GC invocations=34 (full 2):
 PSYoungGen      total 17920K, used 1056K [0x00000000eab00000, 0x00000000ec180000, 0x0000000100000000)
  eden space 16384K, 0% used [0x00000000eab00000,0x00000000eab00000,0x00000000ebb00000)
  from space 1536K, 68% used [0x00000000ec000000,0x00000000ec108010,0x00000000ec180000)
  to   space 2560K, 0% used [0x00000000ebc80000,0x00000000ebc80000,0x00000000ebf00000)
 ParOldGen       total 68608K, used 53781K [0x00000000c0000000, 0x00000000c4300000, 0x00000000eab00000)
  object space 68608K, 78% used [0x00000000c0000000,0x00000000c34857f0,0x00000000c4300000)
 Metaspace       used 53827K, committed 55232K, reserved 1114112K
  class space    used 5836K, committed 6464K, reserved 1048576K
}

