# JRE version: OpenJDK Runtime Environment Temurin-17.0.17+10 (17.0.17+10) (build 17.0.17+10)
# Java VM: OpenJDK 64-Bit Server VM Temurin-17.0.17+10 (17.0.17+10, mixed mode, sharing, tiered, compressed oops, compressed class ptrs, g1 gc, windows-amd64)
GC Precious Log:
 CPUs: 8 total, 8 available
 Memory: 7988M
 Large Page Support: Disabled
 NUMA Support: Disabled
 Compressed Oops: Enabled (32-bit)
 Heap Region Size: 1M
 Heap Min Capacity: 8M
 Heap Initial Capacity: 126M
 Heap Max Capacity: 1G
 Pre-touch: Disabled
 Parallel Workers: 8
 Concurrent Workers: 2
 Concurrent Refinement Workers: 8
 Periodic GC: Disabled
Heap:
 garbage-first heap   total 68608K, used 24001K [0x00000000c0000000, 0x0000000100000000)
  region size 1024K, 3 young (3072K), 3 survivors (3072K)
 Metaspace       used 35733K, committed 36096K, reserved 1114112K
  class space    used 4752K, committed 4928K, reserved 1048576K
GC Heap History (17 events):
Event: 0.659 GC heap before
{Heap before GC invocations=0 (full 0):
 garbage-first heap   total 129024K, used 23552K [0x00000000c0000000, 0x0000000100000000)
  region size 1024K, 23 young (23552K), 0 survivors (0K)
 Metaspace       used 4491K, committed 4672K, reserved 1114112K
  class space    used 526K, committed 640K, reserved 1048576K
}
Event: 0.666 GC heap after
{Heap after GC invocations=1 (full 0):
 garbage-first heap   total 129024K, used 8644K [0x00000000c0000000, 0x0000000100000000)
  region size 1024K, 3 young (3072K), 3 survivors (3072K)
 Metaspace       used 4491K, committed 4672K, reserved 1114112K
  class space    used 526K, committed 640K, reserved 1048576K
}
Event: 1.383 GC heap before
{Heap before GC invocations=1 (full 0):
 garbage-first heap   total 129024K, used 32196K [0x00000000c0000000, 0x0000000100000000)
  region size 1024K, 27 young (27648K), 3 survivors (3072K)
 Metaspace       used 10351K, committed 10624K, reserved 1114112K
  class space    used 1300K, committed 1408K, reserved 1048576K
}
Event: 1.389 GC heap after
{Heap after GC invocations=2 (full 0):
 garbage-first heap   total 129024K, used 10899K [0x00000000c0000000, 0x0000000100000000)
  region size 1024K, 3 young (3072K), 3 survivors (3072K)
 Metaspace       used 10351K, committed 10624K, reserved 1114112K
  class space    used 1300K, committed 1408K, reserved 1048576K
}
Event: 2.623 GC heap before
{Heap before GC invocations=2 (full 0):
 garbage-first heap   total 129024K, used 68243K [0x00000000c0000000, 0x0000000100000000)
  region size 1024K, 61 young (62464K), 3 survivors (3072K)
 Metaspace       used 21221K, committed 21504K, reserved 1114112K
  class space    used 2827K, committed 3008K, reserved 1048576K
}
Event: 2.628 GC heap after
{Heap after GC invocations=3 (full 0):
 garbage-first heap   total 129024K, used 15070K [0x00000000c0000000, 0x0000000100000000)
  region size 1024K, 7 young (7168K), 7 survivors (7168K)
 Metaspace       used 21221K, committed 21504K, reserved 1114112K
  class space    used 2827K, committed 3008K, reserved 1048576K
}
Event: 3.009 GC heap before
{Heap before GC invocations=4 (full 0):
 garbage-first heap   total 61440K, used 43742K [0x00000000c0000000, 0x0000000100000000)
  region size 1024K, 36 young (36864K), 7 survivors (7168K)
 Metaspace       used 25726K, committed 26048K, reserved 1114112K
  class space    used 3414K, committed 3584K, reserved 1048576K
}
Event: 3.015 GC heap after
{Heap after GC invocations=5 (full 0):
 garbage-first heap   total 61440K, used 17809K [0x00000000c0000000, 0x0000000100000000)
  region size 1024K, 3 young (3072K), 3 survivors (3072K)
 Metaspace       used 25726K, committed 26048K, reserved 1114112K
  class space    used 3414K, committed 3584K, reserved 1048576K
}
Event: 3.030 GC heap before
{Heap before GC invocations=5 (full 0):
 garbage-first heap   total 61440K, used 18833K [0x00000000c0000000, 0x0000000100000000)
  region size 1024K, 4 young (4096K), 3 survivors (3072K)
 Metaspace       used 25889K, committed 26240K, reserved 1114112K
  class space    used 3437K, committed 3584K, reserved 1048576K
}
Event: 3.034 GC heap after
{Heap after GC invocations=6 (full 0):
 garbage-first heap   total 61440K, used 18477K [0x00000000c0000000, 0x0000000100000000)
  region size 1024K, 1 young (1024K), 1 survivors (1024K)
 Metaspace       used 25889K, committed 26240K, reserved 1114112K
  class space    used 3437K, committed 3584K, reserved 1048576K
}
Event: 3.484 GC heap before
{Heap before GC invocations=6 (full 0):
 garbage-first heap   total 61440K, used 41005K [0x00000000c0000000, 0x0000000100000000)
  region size 1024K, 23 young (23552K), 1 survivors (1024K)
 Metaspace       used 27526K, committed 27904K, reserved 1114112K
  class space    used 3653K, committed 3840K, reserved 1048576K
}
Event: 3.488 GC heap after
{Heap after GC invocations=7 (full 0):
 garbage-first heap   total 61440K, used 19706K [0x00000000c0000000, 0x0000000100000000)
  region size 1024K, 2 young (2048K), 2 survivors (2048K)
 Metaspace       used 27526K, committed 27904K, reserved 1114112K
  class space    used 3653K, committed 3840K, reserved 1048576K
}
Event: 4.123 GC heap before
{Heap before GC invocations=7 (full 0):
 garbage-first heap   total 61440K, used 43258K [0x00000000c0000000, 0x0000000100000000)
  region size 1024K, 25 young (25600K), 2 survivors (2048K)
 Metaspace       used 30444K, committed 30784K, reserved 1114112K
  class space    used 4045K, committed 4224K, reserved 1048576K
}
Event: 4.131 GC heap after
{Heap after GC invocations=8 (full 0):
 garbage-first heap   total 61440K, used 21257K [0x00000000c0000000, 0x0000000100000000)
  region size 1024K, 4 young (4096K), 4 survivors (4096K)
 Metaspace       used 30444K, committed 30784K, reserved 1114112K
  class space    used 4045K, committed 4224K, reserved 1048576K
}
Event: 4.958 GC heap before
{Heap before GC invocations=8 (full 0):
 garbage-first heap   total 61440K, used 44809K [0x00000000c0000000, 0x0000000100000000)
  region size 1024K, 27 young (27648K), 4 survivors (4096K)
 Metaspace       used 34281K, committed 34688K, reserved 1114112K
  class space    used 4557K, committed 4736K, reserved 1048576K
}
Event: 4.967 GC heap after
{Heap after GC invocations=9 (full 0):
 garbage-first heap   total 61440K, used 23210K [0x00000000c0000000, 0x0000000100000000)
  region size 1024K, 4 young (4096K), 4 survivors (4096K)
 Metaspace       used 34281K, committed 34688K, reserved 1114112K
  class space    used 4557K, committed 4736K, reserved 1048576K
}
Event: 5.214 GC heap before
{Heap before GC invocations=9 (full 0):
 garbage-first heap   total 61440K, used 30378K [0x00000000c0000000, 0x0000000100000000)
  region size 1024K, 12 young (12288K), 4 survivors (4096K)
 Metaspace       used 35733K, committed 36096K, reserved 1114112K
  class space    used 4752K, committed 4928K, reserved 1048576K
}

