# JRE version: OpenJDK Runtime Environment Temurin-21.0.9+10 (21.0.9+10) (build 21.0.9+10-LTS)
# Java VM: OpenJDK 64-Bit Server VM Temurin-21.0.9+10 (21.0.9+10-LTS, mixed mode, sharing, tiered, compressed oops, compressed class ptrs, parallel gc, windows-amd64)
GC Precious Log:
 CardTable entry size: 512
 CPUs: 8 total, 8 available
 Memory: 7988M
 Large Page Support: Disabled
 NUMA Support: Disabled
 Compressed Oops: Enabled (32-bit)
 Alignments: Space 512K, Generation 512K, Heap 2M
 Heap Min Capacity: 100M
 Heap Initial Capacity: 100M
 Heap Max Capacity: 1G
 Pre-touch: Disabled
 Parallel Workers: 8
Heap:
 PSYoungGen      total 11776K, used 7666K [0x00000000eab00000, 0x00000000eba00000, 0x0000000100000000)
  eden space 10752K, 63% used [0x00000000eab00000,0x00000000eb1b0988,0x00000000eb580000)
  from space 1024K, 79% used [0x00000000eb900000,0x00000000eb9cc010,0x00000000eba00000)
  to   space 1024K, 0% used [0x00000000eb580000,0x00000000eb580000,0x00000000eb680000)
 ParOldGen       total 68608K, used 50857K [0x00000000c0000000, 0x00000000c4300000, 0x00000000eab00000)
  object space 68608K, 74% used [0x00000000c0000000,0x00000000c31aa4e8,0x00000000c4300000)
 Metaspace       used 54519K, committed 55872K, reserved 1114112K
  class space    used 5882K, committed 6464K, reserved 1048576K
GC Heap History (20 events):
Event: 16.144 GC heap before
{Heap before GC invocations=27 (full 2):
 PSYoungGen      total 15872K, used 15840K [0x00000000eab00000, 0x00000000ebe80000, 0x0000000100000000)
  eden space 14336K, 100% used [0x00000000eab00000,0x00000000eb900000,0x00000000eb900000)
  from space 1536K, 97% used [0x00000000ebd00000,0x00000000ebe78000,0x00000000ebe80000)
  to   space 2048K, 0% used [0x00000000eba80000,0x00000000eba80000,0x00000000ebc80000)
 ParOldGen       total 68608K, used 38501K [0x00000000c0000000, 0x00000000c4300000, 0x00000000eab00000)
  object space 68608K, 56% used [0x00000000c0000000,0x00000000c2599720,0x00000000c4300000)
 Metaspace       used 47240K, committed 48512K, reserved 1114112K
  class space    used 5125K, committed 5696K, reserved 1048576K
}
Event: 16.151 GC heap after
{Heap after GC invocations=27 (full 2):
 PSYoungGen      total 16384K, used 1856K [0x00000000eab00000, 0x00000000ebd80000, 0x0000000100000000)
  eden space 14336K, 0% used [0x00000000eab00000,0x00000000eab00000,0x00000000eb900000)
  from space 2048K, 90% used [0x00000000eba80000,0x00000000ebc50010,0x00000000ebc80000)
  to   space 1024K, 0% used [0x00000000ebc80000,0x00000000ebc80000,0x00000000ebd80000)
 ParOldGen       total 68608K, used 39869K [0x00000000c0000000, 0x00000000c4300000, 0x00000000eab00000)
  object space 68608K, 58% used [0x00000000c0000000,0x00000000c26ef720,0x00000000c4300000)
 Metaspace       used 47240K, committed 48512K, reserved 1114112K
  class space    used 5125K, committed 5696K, reserved 1048576K
}
Event: 16.243 GC heap before
{Heap before GC invocations=28 (full 2):
 PSYoungGen      total 16384K, used 16192K [0x00000000eab00000, 0x00000000ebd80000, 0x0000000100000000)
  eden space 14336K, 100% used [0x00000000eab00000,0x00000000eb900000,0x00000000eb900000)
  from space 2048K, 90% used [0x00000000eba80000,0x00000000ebc50010,0x00000000ebc80000)
  to   space 1024K, 0% used [0x00000000ebc80000,0x00000000ebc80000,0x00000000ebd80000)
 ParOldGen       total 68608K, used 39869K [0x00000000c0000000, 0x00000000c4300000, 0x00000000eab00000)
  object space 68608K, 58% used [0x00000000c0000000,0x00000000c26ef720,0x00000000c4300000)
 Metaspace       used 47259K, committed 48576K, reserved 1114112K
  class space    used 5125K, committed 5696K, reserved 1048576K
}
Event: 16.247 GC heap after
{Heap after GC invocations=28 (full 2):
 PSYoungGen      total 15360K, used 1024K [0x00000000eab00000, 0x00000000ec000000, 0x0000000100000000)
  eden space 14336K, 0% used [0x00000000eab00000,0x00000000eab00000,0x00000000eb900000)
  from space 1024K, 100% used [0x00000000ebc80000,0x00000000ebd80000,0x00000000ebd80000)
  to   space 3584K, 0% used [0x00000000eb900000,0x00000000eb900000,0x00000000ebc80000)
 ParOldGen       total 68608K, used 41950K [0x00000000c0000000, 0x00000000c4300000, 0x00000000eab00000)
  object space 68608K, 61% used [0x00000000c0000000,0x00000000c28f7930,0x00000000c4300000)
 Metaspace       used 47259K, committed 48576K, reserved 1114112K
  class space    used 5125K, committed 5696K, reserved 1048576K
}
Event: 16.410 GC heap before
{Heap before GC invocations=29 (full 2):
 PSYoungGen      total 15360K, used 15360K [0x00000000eab00000, 0x00000000ec000000, 0x0000000100000000)
  eden space 14336K, 100% used [0x00000000eab00000,0x00000000eb900000,0x00000000eb900000)
  from space 1024K, 100% used [0x00000000ebc80000,0x00000000ebd80000,0x00000000ebd80000)
  to   space 3584K, 0% used [0x00000000eb900000,0x00000000eb900000,0x00000000ebc80000)
 ParOldGen       total 68608K, used 41950K [0x00000000c0000000, 0x00000000c4300000, 0x00000000eab00000)
  object space 68608K, 61% used [0x00000000c0000000,0x00000000c28f7930,0x00000000c4300000)
 Metaspace       used 47637K, committed 48960K, reserved 1114112K
  class space    used 5156K, committed 5696K, reserved 1048576K
}
Event: 16.416 GC heap after
{Heap after GC invocations=29 (full 2):
 PSYoungGen      total 15872K, used 1376K [0x00000000eab00000, 0x00000000ebd00000, 0x0000000100000000)
  eden space 14336K, 0% used [0x00000000eab00000,0x00000000eab00000,0x00000000eb900000)
  from space 1536K, 89% used [0x00000000eb900000,0x00000000eba58000,0x00000000eba80000)
  to   space 2048K, 0% used [0x00000000ebb00000,0x00000000ebb00000,0x00000000ebd00000)
 ParOldGen       total 68608K, used 43014K [0x00000000c0000000, 0x00000000c4300000, 0x00000000eab00000)
  object space 68608K, 62% used [0x00000000c0000000,0x00000000c2a01930,0x00000000c4300000)
 Metaspace       used 47637K, committed 48960K, reserved 1114112K
  class space    used 5156K, committed 5696K, reserved 1048576K
}
Event: 16.805 GC heap before
{Heap before GC invocations=30 (full 2):
 PSYoungGen      total 15872K, used 15712K [0x00000000eab00000, 0x00000000ebd00000, 0x0000000100000000)
  eden space 14336K, 100% used [0x00000000eab00000,0x00000000eb900000,0x00000000eb900000)
  from space 1536K, 89% used [0x00000000eb900000,0x00000000eba58000,0x00000000eba80000)
  to   space 2048K, 0% used [0x00000000ebb00000,0x00000000ebb00000,0x00000000ebd00000)
 ParOldGen       total 68608K, used 43014K [0x00000000c0000000, 0x00000000c4300000, 0x00000000eab00000)
  object space 68608K, 62% used [0x00000000c0000000,0x00000000c2a01930,0x00000000c4300000)
 Metaspace       used 49439K, committed 50752K, reserved 1114112K
  class space    used 5349K, committed 5952K, reserved 1048576K
}
Event: 16.808 GC heap after
{Heap after GC invocations=30 (full 2):
 PSYoungGen      total 15360K, used 688K [0x00000000eab00000, 0x00000000ebc00000, 0x0000000100000000)
  eden space 14336K, 0% used [0x00000000eab00000,0x00000000eab00000,0x00000000eb900000)
  from space 1024K, 67% used [0x00000000ebb00000,0x00000000ebbac010,0x00000000ebc00000)
  to   space 1536K, 0% used [0x00000000eb900000,0x00000000eb900000,0x00000000eba80000)
 ParOldGen       total 68608K, used 44299K [0x00000000c0000000, 0x00000000c4300000, 0x00000000eab00000)
  object space 68608K, 64% used [0x00000000c0000000,0x00000000c2b42c88,0x00000000c4300000)
 Metaspace       used 49439K, committed 50752K, reserved 1114112K
  class space    used 5349K, committed 5952K, reserved 1048576K
}
Event: 17.423 GC heap before
{Heap before GC invocations=31 (full 2):
 PSYoungGen      total 15360K, used 15024K [0x00000000eab00000, 0x00000000ebc00000, 0x0000000100000000)
  eden space 14336K, 100% used [0x00000000eab00000,0x00000000eb900000,0x00000000eb900000)
  from space 1024K, 67% used [0x00000000ebb00000,0x00000000ebbac010,0x00000000ebc00000)
  to   space 1536K, 0% used [0x00000000eb900000,0x00000000eb900000,0x00000000eba80000)
 ParOldGen       total 68608K, used 44299K [0x00000000c0000000, 0x00000000c4300000, 0x00000000eab00000)
  object space 68608K, 64% used [0x00000000c0000000,0x00000000c2b42c88,0x00000000c4300000)
 Metaspace       used 50942K, committed 52224K, reserved 1114112K
  class space    used 5534K, committed 6144K, reserved 1048576K
}
Event: 17.425 GC heap after
{Heap after GC invocations=31 (full 2):
 PSYoungGen      total 15872K, used 1065K [0x00000000eab00000, 0x00000000ebc00000, 0x0000000100000000)
  eden space 14336K, 0% used [0x00000000eab00000,0x00000000eab00000,0x00000000eb900000)
  from space 1536K, 69% used [0x00000000eb900000,0x00000000eba0a5e0,0x00000000eba80000)
  to   space 1536K, 0% used [0x00000000eba80000,0x00000000eba80000,0x00000000ebc00000)
 ParOldGen       total 68608K, used 44798K [0x00000000c0000000, 0x00000000c4300000, 0x00000000eab00000)
  object space 68608K, 65% used [0x00000000c0000000,0x00000000c2bbf998,0x00000000c4300000)
 Metaspace       used 50942K, committed 52224K, reserved 1114112K
  class space    used 5534K, committed 6144K, reserved 1048576K
}
Event: 18.028 GC heap before
{Heap before GC invocations=32 (full 2):
 PSYoungGen      total 15872K, used 15401K [0x00000000eab00000, 0x00000000ebc00000, 0x0000000100000000)
  eden space 14336K, 100% used [0x00000000eab00000,0x00000000eb900000,0x00000000eb900000)
  from space 1536K, 69% used [0x00000000eb900000,0x00000000eba0a5e0,0x00000000eba80000)
  to   space 1536K, 0% used [0x00000000eba80000,0x00000000eba80000,0x00000000ebc00000)
 ParOldGen       total 68608K, used 44798K [0x00000000c0000000, 0x00000000c4300000, 0x00000000eab00000)
  object space 68608K, 65% used [0x00000000c0000000,0x00000000c2bbf998,0x00000000c4300000)
 Metaspace       used 51517K, committed 52864K, reserved 1114112K
  class space    used 5612K, committed 6208K, reserved 1048576K
}
Event: 18.030 GC heap after
{Heap after GC invocations=32 (full 2):
 PSYoungGen      total 14848K, used 320K [0x00000000eab00000, 0x00000000ebb00000, 0x0000000100000000)
  eden space 14336K, 0% used [0x00000000eab00000,0x00000000eab00000,0x00000000eb900000)
  from space 512K, 62% used [0x00000000eba80000,0x00000000ebad0000,0x00000000ebb00000)
  to   space 1024K, 0% used [0x00000000eb900000,0x00000000eb900000,0x00000000eba00000)
 ParOldGen       total 68608K, used 45694K [0x00000000c0000000, 0x00000000c4300000, 0x00000000eab00000)
  object space 68608K, 66% used [0x00000000c0000000,0x00000000c2c9fbf0,0x00000000c4300000)
 Metaspace       used 51517K, committed 52864K, reserved 1114112K
  class space    used 5612K, committed 6208K, reserved 1048576K
}
Event: 18.498 GC heap before
{Heap before GC invocations=33 (full 2):
 PSYoungGen      total 14848K, used 14656K [0x00000000eab00000, 0x00000000ebb00000, 0x0000000100000000)
  eden space 14336K, 100% used [0x00000000eab00000,0x00000000eb900000,0x00000000eb900000)
  from space 512K, 62% used [0x00000000eba80000,0x00000000ebad0000,0x00000000ebb00000)
  to   space 1024K, 0% used [0x00000000eb900000,0x00000000eb900000,0x00000000eba00000)
 ParOldGen       total 68608K, used 45694K [0x00000000c0000000, 0x00000000c4300000, 0x00000000eab00000)
  object space 68608K, 66% used [0x00000000c0000000,0x00000000c2c9fbf0,0x00000000c4300000)
 Metaspace       used 52511K, committed 53824K, reserved 1114112K
  class space    used 5699K, committed 6272K, reserved 1048576K
}
Event: 18.500 GC heap after
{Heap after GC invocations=33 (full 2):
 PSYoungGen      total 15360K, used 352K [0x00000000eab00000, 0x00000000ebb00000, 0x0000000100000000)
  eden space 14336K, 0% used [0x00000000eab00000,0x00000000eab00000,0x00000000eb900000)
  from space 1024K, 34% used [0x00000000eb900000,0x00000000eb958010,0x00000000eba00000)
  to   space 512K, 0% used [0x00000000eba80000,0x00000000eba80000,0x00000000ebb00000)
 ParOldGen       total 68608K, used 45886K [0x00000000c0000000, 0x00000000c4300000, 0x00000000eab00000)
  object space 68608K, 66% used [0x00000000c0000000,0x00000000c2ccfbf0,0x00000000c4300000)
 Metaspace       used 52511K, committed 53824K, reserved 1114112K
  class space    used 5699K, committed 6272K, reserved 1048576K
}
Event: 18.719 GC heap before
{Heap before GC invocations=34 (full 2):
 PSYoungGen      total 15360K, used 14688K [0x00000000eab00000, 0x00000000ebb00000, 0x0000000100000000)
  eden space 14336K, 100% used [0x00000000eab00000,0x00000000eb900000,0x00000000eb900000)
  from space 1024K, 34% used [0x00000000eb900000,0x00000000eb958010,0x00000000eba00000)
  to   space 512K, 0% used [0x00000000eba80000,0x00000000eba80000,0x00000000ebb00000)
 ParOldGen       total 68608K, used 45886K [0x00000000c0000000, 0x00000000c4300000, 0x00000000eab00000)
  object space 68608K, 66% used [0x00000000c0000000,0x00000000c2ccfbf0,0x00000000c4300000)
 Metaspace       used 52839K, committed 54144K, reserved 1114112K
  class space    used 5748K, committed 6336K, reserved 1048576K
}
Event: 18.721 GC heap after
{Heap after GC invocations=34 (full 2):
 PSYoungGen      total 11264K, used 508K [0x00000000eab00000, 0x00000000ec300000, 0x0000000100000000)
  eden space 10752K, 0% used [0x00000000eab00000,0x00000000eab00000,0x00000000eb580000)
  from space 512K, 99% used [0x00000000eba80000,0x00000000ebaff360,0x00000000ebb00000)
  to   space 5120K, 0% used [0x00000000eb580000,0x00000000eb580000,0x00000000eba80000)
 ParOldGen       total 68608K, used 49763K [0x00000000c0000000, 0x00000000c4300000, 0x00000000eab00000)
  object space 68608K, 72% used [0x00000000c0000000,0x00000000c3098d20,0x00000000c4300000)
 Metaspace       used 52839K, committed 54144K, reserved 1114112K
  class space    used 5748K, committed 6336K, reserved 1048576K
}
Event: 19.099 GC heap before
{Heap before GC invocations=35 (full 2):
 PSYoungGen      total 11264K, used 11260K [0x00000000eab00000, 0x00000000ec300000, 0x0000000100000000)
  eden space 10752K, 100% used [0x00000000eab00000,0x00000000eb580000,0x00000000eb580000)
  from space 512K, 99% used [0x00000000eba80000,0x00000000ebaff360,0x00000000ebb00000)
  to   space 5120K, 0% used [0x00000000eb580000,0x00000000eb580000,0x00000000eba80000)
 ParOldGen       total 68608K, used 49763K [0x00000000c0000000, 0x00000000c4300000, 0x00000000eab00000)
  object space 68608K, 72% used [0x00000000c0000000,0x00000000c3098d20,0x00000000c4300000)
 Metaspace       used 53869K, committed 55296K, reserved 1114112K
  class space    used 5820K, committed 6464K, reserved 1048576K
}
Event: 19.101 GC heap after
{Heap after GC invocations=35 (full 2):
 PSYoungGen      total 11776K, used 736K [0x00000000eab00000, 0x00000000ebb00000, 0x0000000100000000)
  eden space 10752K, 0% used [0x00000000eab00000,0x00000000eab00000,0x00000000eb580000)
  from space 1024K, 71% used [0x00000000eb580000,0x00000000eb638010,0x00000000eb680000)
  to   space 2048K, 0% used [0x00000000eb900000,0x00000000eb900000,0x00000000ebb00000)
 ParOldGen       total 68608K, used 50280K [0x00000000c0000000, 0x00000000c4300000, 0x00000000eab00000)
  object space 68608K, 73% used [0x00000000c0000000,0x00000000c311a0e8,0x00000000c4300000)
 Metaspace       used 53869K, committed 55296K, reserved 1114112K
  class space    used 5820K, committed 6464K, reserved 1048576K
}
Event: 20.489 GC heap before
{Heap before GC invocations=36 (full 2):
 PSYoungGen      total 11776K, used 11488K [0x00000000eab00000, 0x00000000ebb00000, 0x0000000100000000)
  eden space 10752K, 100% used [0x00000000eab00000,0x00000000eb580000,0x00000000eb580000)
  from space 1024K, 71% used [0x00000000eb580000,0x00000000eb638010,0x00000000eb680000)
  to   space 2048K, 0% used [0x00000000eb900000,0x00000000eb900000,0x00000000ebb00000)
 ParOldGen       total 68608K, used 50280K [0x00000000c0000000, 0x00000000c4300000, 0x00000000eab00000)
  object space 68608K, 73% used [0x00000000c0000000,0x00000000c311a0e8,0x00000000c4300000)
 Metaspace       used 53995K, committed 55360K, reserved 1114112K
  class space    used 5827K, committed 6464K, reserved 1048576K
}
Event: 20.491 GC heap after
{Heap after GC invocations=36 (full 2):
 PSYoungGen      total 11776K, used 816K [0x00000000eab00000, 0x00000000eba00000, 0x0000000100000000)
  eden space 10752K, 0% used [0x00000000eab00000,0x00000000eab00000,0x00000000eb580000)
  from space 1024K, 79% used [0x00000000eb900000,0x00000000eb9cc010,0x00000000eba00000)
  to   space 1024K, 0% used [0x00000000eb580000,0x00000000eb580000,0x00000000eb680000)
 ParOldGen       total 68608K, used 50857K [0x00000000c0000000, 0x00000000c4300000, 0x00000000eab00000)
  object space 68608K, 74% used [0x00000000c0000000,0x00000000c31aa4e8,0x00000000c4300000)
 Metaspace       used 53995K, committed 55360K, reserved 1114112K
  class space    used 5827K, committed 6464K, reserved 1048576K
}

