# JRE version: OpenJDK Runtime Environment Temurin-21.0.9+10 (21.0.9+10) (build 21.0.9+10-LTS)
# Java VM: OpenJDK 64-Bit Server VM Temurin-21.0.9+10 (21.0.9+10-LTS, mixed mode, sharing, tiered, compressed oops, compressed class ptrs, parallel gc, windows-amd64)
GC Precious Log:
 CardTable entry size: 512
 CPUs: 8 total, 8 available
 Memory: 7988M
 Large Page Support: Disabled
 NUMA Support: Disabled
 Compressed Oops: Enabled (32-bit)
 Alignments: Space 512K, Generation 512K, Heap 2M
 Heap Min Capacity: 100M
 Heap Initial Capacity: 100M
 Heap Max Capacity: 1G
 Pre-touch: Disabled
 Parallel Workers: 8
Heap:
 PSYoungGen      total 12288K, used 8734K [0x00000000eab00000, 0x00000000eb980000, 0x0000000100000000)
  eden space 11776K, 72% used [0x00000000eab00000,0x00000000eb347bf0,0x00000000eb680000)
  from space 512K, 50% used [0x00000000eb900000,0x00000000eb940000,0x00000000eb980000)
  to   space 1024K, 0% used [0x00000000eb780000,0x00000000eb780000,0x00000000eb880000)
 ParOldGen       total 68608K, used 61577K [0x00000000c0000000, 0x00000000c4300000, 0x00000000eab00000)
  object space 68608K, 89% used [0x00000000c0000000,0x00000000c3c224b8,0x00000000c4300000)
 Metaspace       used 48535K, committed 49664K, reserved 1114112K
  class space    used 4681K, committed 5184K, reserved 1048576K
GC Heap History (20 events):
Event: 44.048 GC heap before
{Heap before GC invocations=37 (full 2):
 PSYoungGen      total 15872K, used 15600K [0x00000000eab00000, 0x00000000ebc80000, 0x0000000100000000)
  eden space 14336K, 99% used [0x00000000eab00000,0x00000000eb8fffe8,0x00000000eb900000)
  from space 1536K, 82% used [0x00000000ebb00000,0x00000000ebc3c3d0,0x00000000ebc80000)
  to   space 1536K, 0% used [0x00000000eb980000,0x00000000eb980000,0x00000000ebb00000)
 ParOldGen       total 68608K, used 48396K [0x00000000c0000000, 0x00000000c4300000, 0x00000000eab00000)
  object space 68608K, 70% used [0x00000000c0000000,0x00000000c2f43140,0x00000000c4300000)
 Metaspace       used 47882K, committed 49024K, reserved 1114112K
  class space    used 4675K, committed 5184K, reserved 1048576K
}
Event: 44.052 GC heap after
{Heap after GC invocations=37 (full 2):
 PSYoungGen      total 15872K, used 1380K [0x00000000eab00000, 0x00000000ebc00000, 0x0000000100000000)
  eden space 14336K, 0% used [0x00000000eab00000,0x00000000eab00000,0x00000000eb900000)
  from space 1536K, 89% used [0x00000000eb980000,0x00000000ebad9028,0x00000000ebb00000)
  to   space 1024K, 0% used [0x00000000ebb00000,0x00000000ebb00000,0x00000000ebc00000)
 ParOldGen       total 68608K, used 49403K [0x00000000c0000000, 0x00000000c4300000, 0x00000000eab00000)
  object space 68608K, 72% used [0x00000000c0000000,0x00000000c303ed98,0x00000000c4300000)
 Metaspace       used 47882K, committed 49024K, reserved 1114112K
  class space    used 4675K, committed 5184K, reserved 1048576K
}
Event: 44.239 GC heap before
{Heap before GC invocations=38 (full 2):
 PSYoungGen      total 15872K, used 15716K [0x00000000eab00000, 0x00000000ebc00000, 0x0000000100000000)
  eden space 14336K, 100% used [0x00000000eab00000,0x00000000eb900000,0x00000000eb900000)
  from space 1536K, 89% used [0x00000000eb980000,0x00000000ebad9028,0x00000000ebb00000)
  to   space 1024K, 0% used [0x00000000ebb00000,0x00000000ebb00000,0x00000000ebc00000)
 ParOldGen       total 68608K, used 49403K [0x00000000c0000000, 0x00000000c4300000, 0x00000000eab00000)
  object space 68608K, 72% used [0x00000000c0000000,0x00000000c303ed98,0x00000000c4300000)
 Metaspace       used 47941K, committed 49088K, reserved 1114112K
  class space    used 4676K, committed 5184K, reserved 1048576K
}
Event: 44.252 GC heap after
{Heap after GC invocations=38 (full 2):
 PSYoungGen      total 12800K, used 992K [0x00000000eab00000, 0x00000000ec200000, 0x0000000100000000)
  eden space 11776K, 0% used [0x00000000eab00000,0x00000000eab00000,0x00000000eb680000)
  from space 1024K, 96% used [0x00000000ebb00000,0x00000000ebbf8020,0x00000000ebc00000)
  to   space 4608K, 0% used [0x00000000eb680000,0x00000000eb680000,0x00000000ebb00000)
 ParOldGen       total 68608K, used 52512K [0x00000000c0000000, 0x00000000c4300000, 0x00000000eab00000)
  object space 68608K, 76% used [0x00000000c0000000,0x00000000c33482a0,0x00000000c4300000)
 Metaspace       used 47941K, committed 49088K, reserved 1114112K
  class space    used 4676K, committed 5184K, reserved 1048576K
}
Event: 44.429 GC heap before
{Heap before GC invocations=39 (full 2):
 PSYoungGen      total 12800K, used 12768K [0x00000000eab00000, 0x00000000ec200000, 0x0000000100000000)
  eden space 11776K, 100% used [0x00000000eab00000,0x00000000eb680000,0x00000000eb680000)
  from space 1024K, 96% used [0x00000000ebb00000,0x00000000ebbf8020,0x00000000ebc00000)
  to   space 4608K, 0% used [0x00000000eb680000,0x00000000eb680000,0x00000000ebb00000)
 ParOldGen       total 68608K, used 52512K [0x00000000c0000000, 0x00000000c4300000, 0x00000000eab00000)
  object space 68608K, 76% used [0x00000000c0000000,0x00000000c33482a0,0x00000000c4300000)
 Metaspace       used 48026K, committed 49152K, reserved 1114112K
  class space    used 4676K, committed 5184K, reserved 1048576K
}
Event: 44.434 GC heap after
{Heap after GC invocations=39 (full 2):
 PSYoungGen      total 13312K, used 1072K [0x00000000eab00000, 0x00000000ebb80000, 0x0000000100000000)
  eden space 11776K, 0% used [0x00000000eab00000,0x00000000eab00000,0x00000000eb680000)
  from space 1536K, 69% used [0x00000000eb680000,0x00000000eb78c080,0x00000000eb800000)
  to   space 2560K, 0% used [0x00000000eb900000,0x00000000eb900000,0x00000000ebb80000)
 ParOldGen       total 68608K, used 53444K [0x00000000c0000000, 0x00000000c4300000, 0x00000000eab00000)
  object space 68608K, 77% used [0x00000000c0000000,0x00000000c34310a0,0x00000000c4300000)
 Metaspace       used 48026K, committed 49152K, reserved 1114112K
  class space    used 4676K, committed 5184K, reserved 1048576K
}
Event: 44.598 GC heap before
{Heap before GC invocations=40 (full 2):
 PSYoungGen      total 13312K, used 12848K [0x00000000eab00000, 0x00000000ebb80000, 0x0000000100000000)
  eden space 11776K, 100% used [0x00000000eab00000,0x00000000eb680000,0x00000000eb680000)
  from space 1536K, 69% used [0x00000000eb680000,0x00000000eb78c080,0x00000000eb800000)
  to   space 2560K, 0% used [0x00000000eb900000,0x00000000eb900000,0x00000000ebb80000)
 ParOldGen       total 68608K, used 53444K [0x00000000c0000000, 0x00000000c4300000, 0x00000000eab00000)
  object space 68608K, 77% used [0x00000000c0000000,0x00000000c34310a0,0x00000000c4300000)
 Metaspace       used 48076K, committed 49216K, reserved 1114112K
  class space    used 4676K, committed 5184K, reserved 1048576K
}
Event: 44.601 GC heap after
{Heap after GC invocations=40 (full 2):
 PSYoungGen      total 12288K, used 464K [0x00000000eab00000, 0x00000000eb980000, 0x0000000100000000)
  eden space 11776K, 0% used [0x00000000eab00000,0x00000000eab00000,0x00000000eb680000)
  from space 512K, 90% used [0x00000000eb900000,0x00000000eb974010,0x00000000eb980000)
  to   space 1024K, 0% used [0x00000000eb780000,0x00000000eb780000,0x00000000eb880000)
 ParOldGen       total 68608K, used 54090K [0x00000000c0000000, 0x00000000c4300000, 0x00000000eab00000)
  object space 68608K, 78% used [0x00000000c0000000,0x00000000c34d2a20,0x00000000c4300000)
 Metaspace       used 48076K, committed 49216K, reserved 1114112K
  class space    used 4676K, committed 5184K, reserved 1048576K
}
Event: 44.716 GC heap before
{Heap before GC invocations=41 (full 2):
 PSYoungGen      total 12288K, used 12240K [0x00000000eab00000, 0x00000000eb980000, 0x0000000100000000)
  eden space 11776K, 100% used [0x00000000eab00000,0x00000000eb680000,0x00000000eb680000)
  from space 512K, 90% used [0x00000000eb900000,0x00000000eb974010,0x00000000eb980000)
  to   space 1024K, 0% used [0x00000000eb780000,0x00000000eb780000,0x00000000eb880000)
 ParOldGen       total 68608K, used 54090K [0x00000000c0000000, 0x00000000c4300000, 0x00000000eab00000)
  object space 68608K, 78% used [0x00000000c0000000,0x00000000c34d2a20,0x00000000c4300000)
 Metaspace       used 48136K, committed 49280K, reserved 1114112K
  class space    used 4677K, committed 5184K, reserved 1048576K
}
Event: 44.720 GC heap after
{Heap after GC invocations=41 (full 2):
 PSYoungGen      total 12800K, used 1005K [0x00000000eab00000, 0x00000000ebd80000, 0x0000000100000000)
  eden space 11776K, 0% used [0x00000000eab00000,0x00000000eab00000,0x00000000eb680000)
  from space 1024K, 98% used [0x00000000eb780000,0x00000000eb87b510,0x00000000eb880000)
  to   space 3584K, 0% used [0x00000000eba00000,0x00000000eba00000,0x00000000ebd80000)
 ParOldGen       total 68608K, used 56046K [0x00000000c0000000, 0x00000000c4300000, 0x00000000eab00000)
  object space 68608K, 81% used [0x00000000c0000000,0x00000000c36bbb38,0x00000000c4300000)
 Metaspace       used 48136K, committed 49280K, reserved 1114112K
  class space    used 4677K, committed 5184K, reserved 1048576K
}
Event: 44.908 GC heap before
{Heap before GC invocations=42 (full 2):
 PSYoungGen      total 12800K, used 12781K [0x00000000eab00000, 0x00000000ebd80000, 0x0000000100000000)
  eden space 11776K, 100% used [0x00000000eab00000,0x00000000eb680000,0x00000000eb680000)
  from space 1024K, 98% used [0x00000000eb780000,0x00000000eb87b510,0x00000000eb880000)
  to   space 3584K, 0% used [0x00000000eba00000,0x00000000eba00000,0x00000000ebd80000)
 ParOldGen       total 68608K, used 56046K [0x00000000c0000000, 0x00000000c4300000, 0x00000000eab00000)
  object space 68608K, 81% used [0x00000000c0000000,0x00000000c36bbb38,0x00000000c4300000)
 Metaspace       used 48264K, committed 49408K, reserved 1114112K
  class space    used 4679K, committed 5184K, reserved 1048576K
}
Event: 44.912 GC heap after
{Heap after GC invocations=42 (full 2):
 PSYoungGen      total 13312K, used 1408K [0x00000000eab00000, 0x00000000ebb80000, 0x0000000100000000)
  eden space 11776K, 0% used [0x00000000eab00000,0x00000000eab00000,0x00000000eb680000)
  from space 1536K, 91% used [0x00000000eba00000,0x00000000ebb60040,0x00000000ebb80000)
  to   space 2048K, 0% used [0x00000000eb780000,0x00000000eb780000,0x00000000eb980000)
 ParOldGen       total 68608K, used 57034K [0x00000000c0000000, 0x00000000c4300000, 0x00000000eab00000)
  object space 68608K, 83% used [0x00000000c0000000,0x00000000c37b2be8,0x00000000c4300000)
 Metaspace       used 48264K, committed 49408K, reserved 1114112K
  class space    used 4679K, committed 5184K, reserved 1048576K
}
Event: 45.090 GC heap before
{Heap before GC invocations=43 (full 2):
 PSYoungGen      total 13312K, used 13184K [0x00000000eab00000, 0x00000000ebb80000, 0x0000000100000000)
  eden space 11776K, 100% used [0x00000000eab00000,0x00000000eb680000,0x00000000eb680000)
  from space 1536K, 91% used [0x00000000eba00000,0x00000000ebb60040,0x00000000ebb80000)
  to   space 2048K, 0% used [0x00000000eb780000,0x00000000eb780000,0x00000000eb980000)
 ParOldGen       total 68608K, used 57034K [0x00000000c0000000, 0x00000000c4300000, 0x00000000eab00000)
  object space 68608K, 83% used [0x00000000c0000000,0x00000000c37b2be8,0x00000000c4300000)
 Metaspace       used 48321K, committed 49472K, reserved 1114112K
  class space    used 4680K, committed 5184K, reserved 1048576K
}
Event: 45.094 GC heap after
{Heap after GC invocations=43 (full 2):
 PSYoungGen      total 13824K, used 1952K [0x00000000eab00000, 0x00000000ebb80000, 0x0000000100000000)
  eden space 11776K, 0% used [0x00000000eab00000,0x00000000eab00000,0x00000000eb680000)
  from space 2048K, 95% used [0x00000000eb780000,0x00000000eb968020,0x00000000eb980000)
  to   space 2048K, 0% used [0x00000000eb980000,0x00000000eb980000,0x00000000ebb80000)
 ParOldGen       total 68608K, used 57766K [0x00000000c0000000, 0x00000000c4300000, 0x00000000eab00000)
  object space 68608K, 84% used [0x00000000c0000000,0x00000000c3869838,0x00000000c4300000)
 Metaspace       used 48321K, committed 49472K, reserved 1114112K
  class space    used 4680K, committed 5184K, reserved 1048576K
}
Event: 45.356 GC heap before
{Heap before GC invocations=44 (full 2):
 PSYoungGen      total 13824K, used 13728K [0x00000000eab00000, 0x00000000ebb80000, 0x0000000100000000)
  eden space 11776K, 100% used [0x00000000eab00000,0x00000000eb680000,0x00000000eb680000)
  from space 2048K, 95% used [0x00000000eb780000,0x00000000eb968020,0x00000000eb980000)
  to   space 2048K, 0% used [0x00000000eb980000,0x00000000eb980000,0x00000000ebb80000)
 ParOldGen       total 68608K, used 57766K [0x00000000c0000000, 0x00000000c4300000, 0x00000000eab00000)
  object space 68608K, 84% used [0x00000000c0000000,0x00000000c3869838,0x00000000c4300000)
 Metaspace       used 48389K, committed 49536K, reserved 1114112K
  class space    used 4680K, committed 5184K, reserved 1048576K
}
Event: 45.360 GC heap after
{Heap after GC invocations=44 (full 2):
 PSYoungGen      total 12800K, used 960K [0x00000000eab00000, 0x00000000eba80000, 0x0000000100000000)
  eden space 11776K, 0% used [0x00000000eab00000,0x00000000eab00000,0x00000000eb680000)
  from space 1024K, 93% used [0x00000000eb980000,0x00000000eba70000,0x00000000eba80000)
  to   space 1536K, 0% used [0x00000000eb780000,0x00000000eb780000,0x00000000eb900000)
 ParOldGen       total 68608K, used 59543K [0x00000000c0000000, 0x00000000c4300000, 0x00000000eab00000)
  object space 68608K, 86% used [0x00000000c0000000,0x00000000c3a25c68,0x00000000c4300000)
 Metaspace       used 48389K, committed 49536K, reserved 1114112K
  class space    used 4680K, committed 5184K, reserved 1048576K
}
Event: 45.634 GC heap before
{Heap before GC invocations=45 (full 2):
 PSYoungGen      total 12800K, used 12736K [0x00000000eab00000, 0x00000000eba80000, 0x0000000100000000)
  eden space 11776K, 100% used [0x00000000eab00000,0x00000000eb680000,0x00000000eb680000)
  from space 1024K, 93% used [0x00000000eb980000,0x00000000eba70000,0x00000000eba80000)
  to   space 1536K, 0% used [0x00000000eb780000,0x00000000eb780000,0x00000000eb900000)
 ParOldGen       total 68608K, used 59543K [0x00000000c0000000, 0x00000000c4300000, 0x00000000eab00000)
  object space 68608K, 86% used [0x00000000c0000000,0x00000000c3a25c68,0x00000000c4300000)
 Metaspace       used 48434K, committed 49600K, reserved 1114112K
  class space    used 4680K, committed 5184K, reserved 1048576K
}
Event: 45.638 GC heap after
{Heap after GC invocations=45 (full 2):
 PSYoungGen      total 13312K, used 1312K [0x00000000eab00000, 0x00000000eba00000, 0x0000000100000000)
  eden space 11776K, 0% used [0x00000000eab00000,0x00000000eab00000,0x00000000eb680000)
  from space 1536K, 85% used [0x00000000eb780000,0x00000000eb8c8000,0x00000000eb900000)
  to   space 1024K, 0% used [0x00000000eb900000,0x00000000eb900000,0x00000000eba00000)
 ParOldGen       total 68608K, used 60367K [0x00000000c0000000, 0x00000000c4300000, 0x00000000eab00000)
  object space 68608K, 87% used [0x00000000c0000000,0x00000000c3af3fd8,0x00000000c4300000)
 Metaspace       used 48434K, committed 49600K, reserved 1114112K
  class space    used 4680K, committed 5184K, reserved 1048576K
}
Event: 45.832 GC heap before
{Heap before GC invocations=46 (full 2):
 PSYoungGen      total 13312K, used 13088K [0x00000000eab00000, 0x00000000eba00000, 0x0000000100000000)
  eden space 11776K, 100% used [0x00000000eab00000,0x00000000eb680000,0x00000000eb680000)
  from space 1536K, 85% used [0x00000000eb780000,0x00000000eb8c8000,0x00000000eb900000)
  to   space 1024K, 0% used [0x00000000eb900000,0x00000000eb900000,0x00000000eba00000)
 ParOldGen       total 68608K, used 60367K [0x00000000c0000000, 0x00000000c4300000, 0x00000000eab00000)
  object space 68608K, 87% used [0x00000000c0000000,0x00000000c3af3fd8,0x00000000c4300000)
 Metaspace       used 48531K, committed 49664K, reserved 1114112K
  class space    used 4681K, committed 5184K, reserved 1048576K
}
Event: 45.834 GC heap after
{Heap after GC invocations=46 (full 2):
 PSYoungGen      total 12288K, used 256K [0x00000000eab00000, 0x00000000eb980000, 0x0000000100000000)
  eden space 11776K, 0% used [0x00000000eab00000,0x00000000eab00000,0x00000000eb680000)
  from space 512K, 50% used [0x00000000eb900000,0x00000000eb940000,0x00000000eb980000)
  to   space 1024K, 0% used [0x00000000eb780000,0x00000000eb780000,0x00000000eb880000)
 ParOldGen       total 68608K, used 61577K [0x00000000c0000000, 0x00000000c4300000, 0x00000000eab00000)
  object space 68608K, 89% used [0x00000000c0000000,0x00000000c3c224b8,0x00000000c4300000)
 Metaspace       used 48531K, committed 49664K, reserved 1114112K
  class space    used 4681K, committed 5184K, reserved 1048576K
}

