# JRE version: OpenJDK Runtime Environment Temurin-17.0.17+10 (17.0.17+10) (build 17.0.17+10)
# Java VM: OpenJDK 64-Bit Server VM Temurin-17.0.17+10 (17.0.17+10, mixed mode, sharing, tiered, compressed oops, compressed class ptrs, g1 gc, windows-amd64)
GC Precious Log:
 CPUs: 8 total, 8 available
 Memory: 7988M
 Large Page Support: Disabled
 NUMA Support: Disabled
 Compressed Oops: Enabled (32-bit)
 Heap Region Size: 1M
 Heap Min Capacity: 8M
 Heap Initial Capacity: 126M
 Heap Max Capacity: 1G
 Pre-touch: Disabled
 Parallel Workers: 8
 Concurrent Workers: 2
 Concurrent Refinement Workers: 8
 Periodic GC: Disabled
Heap:
 garbage-first heap   total 107520K, used 67707K [0x00000000c0000000, 0x0000000100000000)
  region size 1024K, 29 young (29696K), 3 survivors (3072K)
 Metaspace       used 79840K, committed 80448K, reserved 1179648K
  class space    used 11237K, committed 11520K, reserved 1048576K
GC Heap History (20 events):
Event: 6.612 GC heap before
{Heap before GC invocations=10 (full 0):
 garbage-first heap   total 73728K, used 55754K [0x00000000c0000000, 0x0000000100000000)
  region size 1024K, 34 young (34816K), 3 survivors (3072K)
 Metaspace       used 41391K, committed 41728K, reserved 1114112K
  class space    used 5587K, committed 5760K, reserved 1048576K
}
Event: 6.623 GC heap after
{Heap after GC invocations=11 (full 0):
 garbage-first heap   total 73728K, used 25474K [0x00000000c0000000, 0x0000000100000000)
  region size 1024K, 3 young (3072K), 3 survivors (3072K)
 Metaspace       used 41391K, committed 41728K, reserved 1114112K
  class space    used 5587K, committed 5760K, reserved 1048576K
}
Event: 7.431 GC heap before
{Heap before GC invocations=11 (full 0):
 garbage-first heap   total 73728K, used 56194K [0x00000000c0000000, 0x0000000100000000)
  region size 1024K, 33 young (33792K), 3 survivors (3072K)
 Metaspace       used 49207K, committed 49664K, reserved 1114112K
  class space    used 6636K, committed 6848K, reserved 1048576K
}
Event: 7.437 GC heap after
{Heap after GC invocations=12 (full 0):
 garbage-first heap   total 73728K, used 27240K [0x00000000c0000000, 0x0000000100000000)
  region size 1024K, 4 young (4096K), 4 survivors (4096K)
 Metaspace       used 49207K, committed 49664K, reserved 1114112K
  class space    used 6636K, committed 6848K, reserved 1048576K
}
Event: 8.290 GC heap before
{Heap before GC invocations=12 (full 0):
 garbage-first heap   total 73728K, used 56936K [0x00000000c0000000, 0x0000000100000000)
  region size 1024K, 34 young (34816K), 4 survivors (4096K)
 Metaspace       used 56976K, committed 57408K, reserved 1114112K
  class space    used 7727K, committed 7936K, reserved 1048576K
}
Event: 8.300 GC heap after
{Heap after GC invocations=13 (full 0):
 garbage-first heap   total 73728K, used 28683K [0x00000000c0000000, 0x0000000100000000)
  region size 1024K, 4 young (4096K), 4 survivors (4096K)
 Metaspace       used 56976K, committed 57408K, reserved 1114112K
  class space    used 7727K, committed 7936K, reserved 1048576K
}
Event: 8.714 GC heap before
{Heap before GC invocations=13 (full 0):
 garbage-first heap   total 73728K, used 44043K [0x00000000c0000000, 0x0000000100000000)
  region size 1024K, 20 young (20480K), 4 survivors (4096K)
 Metaspace       used 59858K, committed 60288K, reserved 1114112K
  class space    used 8254K, committed 8448K, reserved 1048576K
}
Event: 8.721 GC heap after
{Heap after GC invocations=14 (full 0):
 garbage-first heap   total 73728K, used 29186K [0x00000000c0000000, 0x0000000100000000)
  region size 1024K, 2 young (2048K), 2 survivors (2048K)
 Metaspace       used 59858K, committed 60288K, reserved 1114112K
  class space    used 8254K, committed 8448K, reserved 1048576K
}
Event: 9.510 GC heap before
{Heap before GC invocations=15 (full 0):
 garbage-first heap   total 73728K, used 59906K [0x00000000c0000000, 0x0000000100000000)
  region size 1024K, 32 young (32768K), 2 survivors (2048K)
 Metaspace       used 64610K, committed 65088K, reserved 1114112K
  class space    used 8915K, committed 9152K, reserved 1048576K
}
Event: 9.519 GC heap after
{Heap after GC invocations=16 (full 0):
 garbage-first heap   total 73728K, used 31201K [0x00000000c0000000, 0x0000000100000000)
  region size 1024K, 4 young (4096K), 4 survivors (4096K)
 Metaspace       used 64610K, committed 65088K, reserved 1114112K
  class space    used 8915K, committed 9152K, reserved 1048576K
}
Event: 9.954 GC heap before
{Heap before GC invocations=16 (full 0):
 garbage-first heap   total 73728K, used 57825K [0x00000000c0000000, 0x0000000100000000)
  region size 1024K, 31 young (31744K), 4 survivors (4096K)
 Metaspace       used 67632K, committed 68160K, reserved 1114112K
  class space    used 9383K, committed 9664K, reserved 1048576K
}
Event: 9.964 GC heap after
{Heap after GC invocations=17 (full 0):
 garbage-first heap   total 89088K, used 33498K [0x00000000c0000000, 0x0000000100000000)
  region size 1024K, 3 young (3072K), 3 survivors (3072K)
 Metaspace       used 67632K, committed 68160K, reserved 1114112K
  class space    used 9383K, committed 9664K, reserved 1048576K
}
Event: 10.373 GC heap before
{Heap before GC invocations=17 (full 0):
 garbage-first heap   total 89088K, used 71386K [0x00000000c0000000, 0x0000000100000000)
  region size 1024K, 40 young (40960K), 3 survivors (3072K)
 Metaspace       used 70513K, committed 70976K, reserved 1114112K
  class space    used 9948K, committed 10176K, reserved 1048576K
}
Event: 10.379 GC heap after
{Heap after GC invocations=18 (full 0):
 garbage-first heap   total 89088K, used 34653K [0x00000000c0000000, 0x0000000100000000)
  region size 1024K, 4 young (4096K), 4 survivors (4096K)
 Metaspace       used 70513K, committed 70976K, reserved 1114112K
  class space    used 9948K, committed 10176K, reserved 1048576K
}
Event: 10.925 GC heap before
{Heap before GC invocations=18 (full 0):
 garbage-first heap   total 89088K, used 72541K [0x00000000c0000000, 0x0000000100000000)
  region size 1024K, 41 young (41984K), 4 survivors (4096K)
 Metaspace       used 72577K, committed 73088K, reserved 1114112K
  class space    used 10199K, committed 10432K, reserved 1048576K
}
Event: 10.938 GC heap after
{Heap after GC invocations=19 (full 0):
 garbage-first heap   total 89088K, used 36750K [0x00000000c0000000, 0x0000000100000000)
  region size 1024K, 4 young (4096K), 4 survivors (4096K)
 Metaspace       used 72577K, committed 73088K, reserved 1114112K
  class space    used 10199K, committed 10432K, reserved 1048576K
}
Event: 11.482 GC heap before
{Heap before GC invocations=19 (full 0):
 garbage-first heap   total 89088K, used 72590K [0x00000000c0000000, 0x0000000100000000)
  region size 1024K, 39 young (39936K), 4 survivors (4096K)
 Metaspace       used 75212K, committed 75776K, reserved 1179648K
  class space    used 10554K, committed 10816K, reserved 1048576K
}
Event: 11.496 GC heap after
{Heap after GC invocations=20 (full 0):
 garbage-first heap   total 89088K, used 39309K [0x00000000c0000000, 0x0000000100000000)
  region size 1024K, 5 young (5120K), 5 survivors (5120K)
 Metaspace       used 75212K, committed 75776K, reserved 1179648K
  class space    used 10554K, committed 10816K, reserved 1048576K
}
Event: 12.087 GC heap before
{Heap before GC invocations=20 (full 0):
 garbage-first heap   total 89088K, used 73101K [0x00000000c0000000, 0x0000000100000000)
  region size 1024K, 38 young (38912K), 5 survivors (5120K)
 Metaspace       used 76999K, committed 77440K, reserved 1179648K
  class space    used 10818K, committed 11008K, reserved 1048576K
}
Event: 12.098 GC heap after
{Heap after GC invocations=21 (full 0):
 garbage-first heap   total 107520K, used 42107K [0x00000000c0000000, 0x0000000100000000)
  region size 1024K, 3 young (3072K), 3 survivors (3072K)
 Metaspace       used 76999K, committed 77440K, reserved 1179648K
  class space    used 10818K, committed 11008K, reserved 1048576K
}

