# JRE version: OpenJDK Runtime Environment Temurin-21.0.9+10 (21.0.9+10) (build 21.0.9+10-LTS)
# Java VM: OpenJDK 64-Bit Server VM Temurin-21.0.9+10 (21.0.9+10-LTS, mixed mode, sharing, tiered, compressed oops, compressed class ptrs, parallel gc, windows-amd64)
GC Precious Log:
 CardTable entry size: 512
 CPUs: 8 total, 8 available
 Memory: 7988M
 Large Page Support: Disabled
 NUMA Support: Disabled
 Compressed Oops: Enabled (32-bit)
 Alignments: Space 512K, Generation 512K, Heap 2M
 Heap Min Capacity: 100M
 Heap Initial Capacity: 100M
 Heap Max Capacity: 1G
 Pre-touch: Disabled
 Parallel Workers: 8
Heap:
 PSYoungGen      total 3584K, used 961K [0x00000000eab00000, 0x00000000eb180000, 0x0000000100000000)
  eden space 3072K, 17% used [0x00000000eab00000,0x00000000eab88630,0x00000000eae00000)
  from space 512K, 81% used [0x00000000eb100000,0x00000000eb168000,0x00000000eb180000)
  to   space 512K, 0% used [0x00000000eb080000,0x00000000eb080000,0x00000000eb100000)
 ParOldGen       total 559104K, used 558631K [0x00000000c0000000, 0x00000000e2200000, 0x00000000eab00000)
  object space 559104K, 99% used [0x00000000c0000000,0x00000000e2189c88,0x00000000e2200000)
 Metaspace       used 82801K, committed 84544K, reserved 1179648K
  class space    used 8397K, committed 9216K, reserved 1048576K
GC Heap History (20 events):
Event: 799.334 GC heap before
{Heap before GC invocations=1892 (full 5):
 PSYoungGen      total 3072K, used 3040K [0x00000000eab00000, 0x00000000eb180000, 0x0000000100000000)
  eden space 2560K, 100% used [0x00000000eab00000,0x00000000ead80000,0x00000000ead80000)
  from space 512K, 93% used [0x00000000eb100000,0x00000000eb178000,0x00000000eb180000)
  to   space 512K, 0% used [0x00000000eb080000,0x00000000eb080000,0x00000000eb100000)
 ParOldGen       total 555520K, used 555383K [0x00000000c0000000, 0x00000000e1e80000, 0x00000000eab00000)
  object space 555520K, 99% used [0x00000000c0000000,0x00000000e1e5dfd0,0x00000000e1e80000)
 Metaspace       used 82755K, committed 84544K, reserved 1179648K
  class space    used 8397K, committed 9216K, reserved 1048576K
}
Event: 799.336 GC heap after
{Heap after GC invocations=1892 (full 5):
 PSYoungGen      total 3072K, used 500K [0x00000000eab00000, 0x00000000eb180000, 0x0000000100000000)
  eden space 2560K, 0% used [0x00000000eab00000,0x00000000eab00000,0x00000000ead80000)
  from space 512K, 97% used [0x00000000eb080000,0x00000000eb0fd200,0x00000000eb100000)
  to   space 512K, 0% used [0x00000000eb100000,0x00000000eb100000,0x00000000eb180000)
 ParOldGen       total 556032K, used 555735K [0x00000000c0000000, 0x00000000e1f00000, 0x00000000eab00000)
  object space 556032K, 99% used [0x00000000c0000000,0x00000000e1eb5ff0,0x00000000e1f00000)
 Metaspace       used 82755K, committed 84544K, reserved 1179648K
  class space    used 8397K, committed 9216K, reserved 1048576K
}
Event: 799.338 GC heap before
{Heap before GC invocations=1893 (full 5):
 PSYoungGen      total 3072K, used 3060K [0x00000000eab00000, 0x00000000eb180000, 0x0000000100000000)
  eden space 2560K, 100% used [0x00000000eab00000,0x00000000ead80000,0x00000000ead80000)
  from space 512K, 97% used [0x00000000eb080000,0x00000000eb0fd200,0x00000000eb100000)
  to   space 512K, 0% used [0x00000000eb100000,0x00000000eb100000,0x00000000eb180000)
 ParOldGen       total 556032K, used 555735K [0x00000000c0000000, 0x00000000e1f00000, 0x00000000eab00000)
  object space 556032K, 99% used [0x00000000c0000000,0x00000000e1eb5ff0,0x00000000e1f00000)
 Metaspace       used 82755K, committed 84544K, reserved 1179648K
  class space    used 8397K, committed 9216K, reserved 1048576K
}
Event: 799.340 GC heap after
{Heap after GC invocations=1893 (full 5):
 PSYoungGen      total 3584K, used 384K [0x00000000eab00000, 0x00000000eb180000, 0x0000000100000000)
  eden space 3072K, 0% used [0x00000000eab00000,0x00000000eab00000,0x00000000eae00000)
  from space 512K, 75% used [0x00000000eb100000,0x00000000eb160000,0x00000000eb180000)
  to   space 512K, 0% used [0x00000000eb080000,0x00000000eb080000,0x00000000eb100000)
 ParOldGen       total 556544K, used 556163K [0x00000000c0000000, 0x00000000e1f80000, 0x00000000eab00000)
  object space 556544K, 99% used [0x00000000c0000000,0x00000000e1f20ea0,0x00000000e1f80000)
 Metaspace       used 82755K, committed 84544K, reserved 1179648K
  class space    used 8397K, committed 9216K, reserved 1048576K
}
Event: 799.352 GC heap before
{Heap before GC invocations=1894 (full 5):
 PSYoungGen      total 3584K, used 3456K [0x00000000eab00000, 0x00000000eb180000, 0x0000000100000000)
  eden space 3072K, 100% used [0x00000000eab00000,0x00000000eae00000,0x00000000eae00000)
  from space 512K, 75% used [0x00000000eb100000,0x00000000eb160000,0x00000000eb180000)
  to   space 512K, 0% used [0x00000000eb080000,0x00000000eb080000,0x00000000eb100000)
 ParOldGen       total 556544K, used 556163K [0x00000000c0000000, 0x00000000e1f80000, 0x00000000eab00000)
  object space 556544K, 99% used [0x00000000c0000000,0x00000000e1f20ea0,0x00000000e1f80000)
 Metaspace       used 82755K, committed 84544K, reserved 1179648K
  class space    used 8397K, committed 9216K, reserved 1048576K
}
Event: 799.353 GC heap after
{Heap after GC invocations=1894 (full 5):
 PSYoungGen      total 3584K, used 352K [0x00000000eab00000, 0x00000000eb180000, 0x0000000100000000)
  eden space 3072K, 0% used [0x00000000eab00000,0x00000000eab00000,0x00000000eae00000)
  from space 512K, 68% used [0x00000000eb080000,0x00000000eb0d8000,0x00000000eb100000)
  to   space 512K, 0% used [0x00000000eb100000,0x00000000eb100000,0x00000000eb180000)
 ParOldGen       total 556544K, used 556467K [0x00000000c0000000, 0x00000000e1f80000, 0x00000000eab00000)
  object space 556544K, 99% used [0x00000000c0000000,0x00000000e1f6cea0,0x00000000e1f80000)
 Metaspace       used 82755K, committed 84544K, reserved 1179648K
  class space    used 8397K, committed 9216K, reserved 1048576K
}
Event: 799.375 GC heap before
{Heap before GC invocations=1895 (full 5):
 PSYoungGen      total 3584K, used 3424K [0x00000000eab00000, 0x00000000eb180000, 0x0000000100000000)
  eden space 3072K, 100% used [0x00000000eab00000,0x00000000eae00000,0x00000000eae00000)
  from space 512K, 68% used [0x00000000eb080000,0x00000000eb0d8000,0x00000000eb100000)
  to   space 512K, 0% used [0x00000000eb100000,0x00000000eb100000,0x00000000eb180000)
 ParOldGen       total 556544K, used 556467K [0x00000000c0000000, 0x00000000e1f80000, 0x00000000eab00000)
  object space 556544K, 99% used [0x00000000c0000000,0x00000000e1f6cea0,0x00000000e1f80000)
 Metaspace       used 82755K, committed 84544K, reserved 1179648K
  class space    used 8397K, committed 9216K, reserved 1048576K
}
Event: 799.377 GC heap after
{Heap after GC invocations=1895 (full 5):
 PSYoungGen      total 3584K, used 448K [0x00000000eab00000, 0x00000000eb180000, 0x0000000100000000)
  eden space 3072K, 0% used [0x00000000eab00000,0x00000000eab00000,0x00000000eae00000)
  from space 512K, 87% used [0x00000000eb100000,0x00000000eb170000,0x00000000eb180000)
  to   space 512K, 0% used [0x00000000eb080000,0x00000000eb080000,0x00000000eb100000)
 ParOldGen       total 557056K, used 556711K [0x00000000c0000000, 0x00000000e2000000, 0x00000000eab00000)
  object space 557056K, 99% used [0x00000000c0000000,0x00000000e1fa9eb0,0x00000000e2000000)
 Metaspace       used 82755K, committed 84544K, reserved 1179648K
  class space    used 8397K, committed 9216K, reserved 1048576K
}
Event: 843.663 GC heap before
{Heap before GC invocations=1896 (full 5):
 PSYoungGen      total 3584K, used 3517K [0x00000000eab00000, 0x00000000eb180000, 0x0000000100000000)
  eden space 3072K, 99% used [0x00000000eab00000,0x00000000eadff6d0,0x00000000eae00000)
  from space 512K, 87% used [0x00000000eb100000,0x00000000eb170000,0x00000000eb180000)
  to   space 512K, 0% used [0x00000000eb080000,0x00000000eb080000,0x00000000eb100000)
 ParOldGen       total 557056K, used 556711K [0x00000000c0000000, 0x00000000e2000000, 0x00000000eab00000)
  object space 557056K, 99% used [0x00000000c0000000,0x00000000e1fa9eb0,0x00000000e2000000)
 Metaspace       used 82782K, committed 84544K, reserved 1179648K
  class space    used 8397K, committed 9216K, reserved 1048576K
}
Event: 843.665 GC heap after
{Heap after GC invocations=1896 (full 5):
 PSYoungGen      total 3584K, used 512K [0x00000000eab00000, 0x00000000eb180000, 0x0000000100000000)
  eden space 3072K, 0% used [0x00000000eab00000,0x00000000eab00000,0x00000000eae00000)
  from space 512K, 100% used [0x00000000eb080000,0x00000000eb100000,0x00000000eb100000)
  to   space 512K, 0% used [0x00000000eb100000,0x00000000eb100000,0x00000000eb180000)
 ParOldGen       total 557056K, used 557047K [0x00000000c0000000, 0x00000000e2000000, 0x00000000eab00000)
  object space 557056K, 99% used [0x00000000c0000000,0x00000000e1ffded0,0x00000000e2000000)
 Metaspace       used 82782K, committed 84544K, reserved 1179648K
  class space    used 8397K, committed 9216K, reserved 1048576K
}
Event: 2784.869 GC heap before
{Heap before GC invocations=1897 (full 5):
 PSYoungGen      total 3584K, used 3584K [0x00000000eab00000, 0x00000000eb180000, 0x0000000100000000)
  eden space 3072K, 100% used [0x00000000eab00000,0x00000000eae00000,0x00000000eae00000)
  from space 512K, 100% used [0x00000000eb080000,0x00000000eb100000,0x00000000eb100000)
  to   space 512K, 0% used [0x00000000eb100000,0x00000000eb100000,0x00000000eb180000)
 ParOldGen       total 557056K, used 557047K [0x00000000c0000000, 0x00000000e2000000, 0x00000000eab00000)
  object space 557056K, 99% used [0x00000000c0000000,0x00000000e1ffded0,0x00000000e2000000)
 Metaspace       used 82795K, committed 84544K, reserved 1179648K
  class space    used 8397K, committed 9216K, reserved 1048576K
}
Event: 2784.882 GC heap after
{Heap after GC invocations=1897 (full 5):
 PSYoungGen      total 3584K, used 394K [0x00000000eab00000, 0x00000000eb180000, 0x0000000100000000)
  eden space 3072K, 0% used [0x00000000eab00000,0x00000000eab00000,0x00000000eae00000)
  from space 512K, 77% used [0x00000000eb100000,0x00000000eb162930,0x00000000eb180000)
  to   space 512K, 0% used [0x00000000eb080000,0x00000000eb080000,0x00000000eb100000)
 ParOldGen       total 557568K, used 557382K [0x00000000c0000000, 0x00000000e2080000, 0x00000000eab00000)
  object space 557568K, 99% used [0x00000000c0000000,0x00000000e20518f0,0x00000000e2080000)
 Metaspace       used 82795K, committed 84544K, reserved 1179648K
  class space    used 8397K, committed 9216K, reserved 1048576K
}
Event: 2784.903 GC heap before
{Heap before GC invocations=1898 (full 5):
 PSYoungGen      total 3584K, used 3466K [0x00000000eab00000, 0x00000000eb180000, 0x0000000100000000)
  eden space 3072K, 99% used [0x00000000eab00000,0x00000000eadfffc0,0x00000000eae00000)
  from space 512K, 77% used [0x00000000eb100000,0x00000000eb162930,0x00000000eb180000)
  to   space 512K, 0% used [0x00000000eb080000,0x00000000eb080000,0x00000000eb100000)
 ParOldGen       total 557568K, used 557382K [0x00000000c0000000, 0x00000000e2080000, 0x00000000eab00000)
  object space 557568K, 99% used [0x00000000c0000000,0x00000000e20518f0,0x00000000e2080000)
 Metaspace       used 82795K, committed 84544K, reserved 1179648K
  class space    used 8397K, committed 9216K, reserved 1048576K
}
Event: 2784.906 GC heap after
{Heap after GC invocations=1898 (full 5):
 PSYoungGen      total 3584K, used 512K [0x00000000eab00000, 0x00000000eb180000, 0x0000000100000000)
  eden space 3072K, 0% used [0x00000000eab00000,0x00000000eab00000,0x00000000eae00000)
  from space 512K, 100% used [0x00000000eb080000,0x00000000eb100000,0x00000000eb100000)
  to   space 512K, 0% used [0x00000000eb100000,0x00000000eb100000,0x00000000eb180000)
 ParOldGen       total 558080K, used 557649K [0x00000000c0000000, 0x00000000e2100000, 0x00000000eab00000)
  object space 558080K, 99% used [0x00000000c0000000,0x00000000e2094630,0x00000000e2100000)
 Metaspace       used 82795K, committed 84544K, reserved 1179648K
  class space    used 8397K, committed 9216K, reserved 1048576K
}
Event: 2784.939 GC heap before
{Heap before GC invocations=1899 (full 5):
 PSYoungGen      total 3584K, used 3584K [0x00000000eab00000, 0x00000000eb180000, 0x0000000100000000)
  eden space 3072K, 100% used [0x00000000eab00000,0x00000000eae00000,0x00000000eae00000)
  from space 512K, 100% used [0x00000000eb080000,0x00000000eb100000,0x00000000eb100000)
  to   space 512K, 0% used [0x00000000eb100000,0x00000000eb100000,0x00000000eb180000)
 ParOldGen       total 558080K, used 557649K [0x00000000c0000000, 0x00000000e2100000, 0x00000000eab00000)
  object space 558080K, 99% used [0x00000000c0000000,0x00000000e2094630,0x00000000e2100000)
 Metaspace       used 82795K, committed 84544K, reserved 1179648K
  class space    used 8397K, committed 9216K, reserved 1048576K
}
Event: 2784.941 GC heap after
{Heap after GC invocations=1899 (full 5):
 PSYoungGen      total 3584K, used 288K [0x00000000eab00000, 0x00000000eb180000, 0x0000000100000000)
  eden space 3072K, 0% used [0x00000000eab00000,0x00000000eab00000,0x00000000eae00000)
  from space 512K, 56% used [0x00000000eb100000,0x00000000eb148000,0x00000000eb180000)
  to   space 512K, 0% used [0x00000000eb080000,0x00000000eb080000,0x00000000eb100000)
 ParOldGen       total 558592K, used 558081K [0x00000000c0000000, 0x00000000e2180000, 0x00000000eab00000)
  object space 558592K, 99% used [0x00000000c0000000,0x00000000e2100630,0x00000000e2180000)
 Metaspace       used 82795K, committed 84544K, reserved 1179648K
  class space    used 8397K, committed 9216K, reserved 1048576K
}
Event: 2784.979 GC heap before
{Heap before GC invocations=1900 (full 5):
 PSYoungGen      total 3584K, used 3360K [0x00000000eab00000, 0x00000000eb180000, 0x0000000100000000)
  eden space 3072K, 100% used [0x00000000eab00000,0x00000000eae00000,0x00000000eae00000)
  from space 512K, 56% used [0x00000000eb100000,0x00000000eb148000,0x00000000eb180000)
  to   space 512K, 0% used [0x00000000eb080000,0x00000000eb080000,0x00000000eb100000)
 ParOldGen       total 558592K, used 558081K [0x00000000c0000000, 0x00000000e2180000, 0x00000000eab00000)
  object space 558592K, 99% used [0x00000000c0000000,0x00000000e2100630,0x00000000e2180000)
 Metaspace       used 82795K, committed 84544K, reserved 1179648K
  class space    used 8397K, committed 9216K, reserved 1048576K
}
Event: 2784.981 GC heap after
{Heap after GC invocations=1900 (full 5):
 PSYoungGen      total 3584K, used 448K [0x00000000eab00000, 0x00000000eb180000, 0x0000000100000000)
  eden space 3072K, 0% used [0x00000000eab00000,0x00000000eab00000,0x00000000eae00000)
  from space 512K, 87% used [0x00000000eb080000,0x00000000eb0f0000,0x00000000eb100000)
  to   space 512K, 0% used [0x00000000eb100000,0x00000000eb100000,0x00000000eb180000)
 ParOldGen       total 558592K, used 558313K [0x00000000c0000000, 0x00000000e2180000, 0x00000000eab00000)
  object space 558592K, 99% used [0x00000000c0000000,0x00000000e213a630,0x00000000e2180000)
 Metaspace       used 82795K, committed 84544K, reserved 1179648K
  class space    used 8397K, committed 9216K, reserved 1048576K
}
Event: 4364.876 GC heap before
{Heap before GC invocations=1901 (full 5):
 PSYoungGen      total 3584K, used 3519K [0x00000000eab00000, 0x00000000eb180000, 0x0000000100000000)
  eden space 3072K, 99% used [0x00000000eab00000,0x00000000eadffff0,0x00000000eae00000)
  from space 512K, 87% used [0x00000000eb080000,0x00000000eb0f0000,0x00000000eb100000)
  to   space 512K, 0% used [0x00000000eb100000,0x00000000eb100000,0x00000000eb180000)
 ParOldGen       total 558592K, used 558313K [0x00000000c0000000, 0x00000000e2180000, 0x00000000eab00000)
  object space 558592K, 99% used [0x00000000c0000000,0x00000000e213a630,0x00000000e2180000)
 Metaspace       used 82801K, committed 84544K, reserved 1179648K
  class space    used 8397K, committed 9216K, reserved 1048576K
}
Event: 4364.881 GC heap after
{Heap after GC invocations=1901 (full 5):
 PSYoungGen      total 3584K, used 416K [0x00000000eab00000, 0x00000000eb180000, 0x0000000100000000)
  eden space 3072K, 0% used [0x00000000eab00000,0x00000000eab00000,0x00000000eae00000)
  from space 512K, 81% used [0x00000000eb100000,0x00000000eb168000,0x00000000eb180000)
  to   space 512K, 0% used [0x00000000eb080000,0x00000000eb080000,0x00000000eb100000)
 ParOldGen       total 559104K, used 558631K [0x00000000c0000000, 0x00000000e2200000, 0x00000000eab00000)
  object space 559104K, 99% used [0x00000000c0000000,0x00000000e2189c88,0x00000000e2200000)
 Metaspace       used 82801K, committed 84544K, reserved 1179648K
  class space    used 8397K, committed 9216K, reserved 1048576K
}

