# JRE version: OpenJDK Runtime Environment Temurin-21.0.9+10 (21.0.9+10) (build 21.0.9+10-LTS)
# Java VM: OpenJDK 64-Bit Server VM Temurin-21.0.9+10 (21.0.9+10-LTS, mixed mode, sharing, tiered, compressed oops, compressed class ptrs, parallel gc, windows-amd64)
GC Precious Log:
 CardTable entry size: 512
 CPUs: 8 total, 8 available
 Memory: 7988M
 Large Page Support: Disabled
 NUMA Support: Disabled
 Compressed Oops: Enabled (32-bit)
 Alignments: Space 512K, Generation 512K, Heap 2M
 Heap Min Capacity: 100M
 Heap Initial Capacity: 100M
 Heap Max Capacity: 1G
 Pre-touch: Disabled
 Parallel Workers: 8
Heap:
 PSYoungGen      total 13824K, used 13114K [0x00000000eab00000, 0x00000000ebc00000, 0x0000000100000000)
  eden space 12288K, 94% used [0x00000000eab00000,0x00000000eb64f2e0,0x00000000eb700000)
  from space 1536K, 99% used [0x00000000eb780000,0x00000000eb8ff630,0x00000000eb900000)
  to   space 2560K, 0% used [0x00000000eb980000,0x00000000eb980000,0x00000000ebc00000)
 ParOldGen       total 71168K, used 52187K [0x00000000c0000000, 0x00000000c4580000, 0x00000000eab00000)
  object space 71168K, 73% used [0x00000000c0000000,0x00000000c32f6e58,0x00000000c4580000)
 Metaspace       used 59882K, committed 61248K, reserved 1114112K
  class space    used 6261K, committed 6912K, reserved 1048576K
GC Heap History (20 events):
Event: 17.241 GC heap before
{Heap before GC invocations=37 (full 2):
 PSYoungGen      total 14336K, used 14080K [0x00000000eab00000, 0x00000000ebe80000, 0x0000000100000000)
  eden space 12288K, 100% used [0x00000000eab00000,0x00000000eb700000,0x00000000eb700000)
  from space 2048K, 87% used [0x00000000ebc80000,0x00000000ebe401a8,0x00000000ebe80000)
  to   space 2560K, 0% used [0x00000000eb980000,0x00000000eb980000,0x00000000ebc00000)
 ParOldGen       total 68608K, used 65587K [0x00000000c0000000, 0x00000000c4300000, 0x00000000eab00000)
  object space 68608K, 95% used [0x00000000c0000000,0x00000000c400cfb8,0x00000000c4300000)
 Metaspace       used 57625K, committed 59072K, reserved 1114112K
  class space    used 6085K, committed 6784K, reserved 1048576K
}
Event: 17.246 GC heap after
{Heap after GC invocations=37 (full 2):
 PSYoungGen      total 14848K, used 2064K [0x00000000eab00000, 0x00000000ebd00000, 0x0000000100000000)
  eden space 12288K, 0% used [0x00000000eab00000,0x00000000eab00000,0x00000000eb700000)
  from space 2560K, 80% used [0x00000000eb980000,0x00000000ebb84020,0x00000000ebc00000)
  to   space 1024K, 0% used [0x00000000ebc00000,0x00000000ebc00000,0x00000000ebd00000)
 ParOldGen       total 68608K, used 67215K [0x00000000c0000000, 0x00000000c4300000, 0x00000000eab00000)
  object space 68608K, 97% used [0x00000000c0000000,0x00000000c41a3c58,0x00000000c4300000)
 Metaspace       used 57625K, committed 59072K, reserved 1114112K
  class space    used 6085K, committed 6784K, reserved 1048576K
}
Event: 17.548 GC heap before
{Heap before GC invocations=38 (full 2):
 PSYoungGen      total 14848K, used 14352K [0x00000000eab00000, 0x00000000ebd00000, 0x0000000100000000)
  eden space 12288K, 100% used [0x00000000eab00000,0x00000000eb700000,0x00000000eb700000)
  from space 2560K, 80% used [0x00000000eb980000,0x00000000ebb84020,0x00000000ebc00000)
  to   space 1024K, 0% used [0x00000000ebc00000,0x00000000ebc00000,0x00000000ebd00000)
 ParOldGen       total 68608K, used 67215K [0x00000000c0000000, 0x00000000c4300000, 0x00000000eab00000)
  object space 68608K, 97% used [0x00000000c0000000,0x00000000c41a3c58,0x00000000c4300000)
 Metaspace       used 57795K, committed 59200K, reserved 1114112K
  class space    used 6088K, committed 6784K, reserved 1048576K
}
Event: 17.552 GC heap after
{Heap after GC invocations=38 (full 2):
 PSYoungGen      total 13312K, used 992K [0x00000000eab00000, 0x00000000ebf00000, 0x0000000100000000)
  eden space 12288K, 0% used [0x00000000eab00000,0x00000000eab00000,0x00000000eb700000)
  from space 1024K, 96% used [0x00000000ebc00000,0x00000000ebcf8020,0x00000000ebd00000)
  to   space 4096K, 0% used [0x00000000eb700000,0x00000000eb700000,0x00000000ebb00000)
 ParOldGen       total 70144K, used 69816K [0x00000000c0000000, 0x00000000c4480000, 0x00000000eab00000)
  object space 70144K, 99% used [0x00000000c0000000,0x00000000c442e1a0,0x00000000c4480000)
 Metaspace       used 57795K, committed 59200K, reserved 1114112K
  class space    used 6088K, committed 6784K, reserved 1048576K
}
Event: 17.730 GC heap before
{Heap before GC invocations=39 (full 2):
 PSYoungGen      total 13312K, used 13280K [0x00000000eab00000, 0x00000000ebf00000, 0x0000000100000000)
  eden space 12288K, 100% used [0x00000000eab00000,0x00000000eb700000,0x00000000eb700000)
  from space 1024K, 96% used [0x00000000ebc00000,0x00000000ebcf8020,0x00000000ebd00000)
  to   space 4096K, 0% used [0x00000000eb700000,0x00000000eb700000,0x00000000ebb00000)
 ParOldGen       total 70144K, used 69816K [0x00000000c0000000, 0x00000000c4480000, 0x00000000eab00000)
  object space 70144K, 99% used [0x00000000c0000000,0x00000000c442e1a0,0x00000000c4480000)
 Metaspace       used 57960K, committed 59392K, reserved 1114112K
  class space    used 6096K, committed 6784K, reserved 1048576K
}
Event: 17.733 GC heap after
{Heap after GC invocations=39 (full 2):
 PSYoungGen      total 12800K, used 512K [0x00000000eab00000, 0x00000000ebc80000, 0x0000000100000000)
  eden space 12288K, 0% used [0x00000000eab00000,0x00000000eab00000,0x00000000eb700000)
  from space 512K, 100% used [0x00000000eb700000,0x00000000eb780000,0x00000000eb780000)
  to   space 2048K, 0% used [0x00000000eba80000,0x00000000eba80000,0x00000000ebc80000)
 ParOldGen       total 70656K, used 70400K [0x00000000c0000000, 0x00000000c4500000, 0x00000000eab00000)
  object space 70656K, 99% used [0x00000000c0000000,0x00000000c44c01c0,0x00000000c4500000)
 Metaspace       used 57960K, committed 59392K, reserved 1114112K
  class space    used 6096K, committed 6784K, reserved 1048576K
}
Event: 17.942 GC heap before
{Heap before GC invocations=40 (full 2):
 PSYoungGen      total 12800K, used 9476K [0x00000000eab00000, 0x00000000ebc80000, 0x0000000100000000)
  eden space 12288K, 72% used [0x00000000eab00000,0x00000000eb3c12b0,0x00000000eb700000)
  from space 512K, 100% used [0x00000000eb700000,0x00000000eb780000,0x00000000eb780000)
  to   space 2048K, 0% used [0x00000000eba80000,0x00000000eba80000,0x00000000ebc80000)
 ParOldGen       total 70656K, used 70400K [0x00000000c0000000, 0x00000000c4500000, 0x00000000eab00000)
  object space 70656K, 99% used [0x00000000c0000000,0x00000000c44c01c0,0x00000000c4500000)
 Metaspace       used 58394K, committed 59776K, reserved 1114112K
  class space    used 6135K, committed 6784K, reserved 1048576K
}
Event: 17.945 GC heap after
{Heap after GC invocations=40 (full 2):
 PSYoungGen      total 13312K, used 896K [0x00000000eab00000, 0x00000000ebb80000, 0x0000000100000000)
  eden space 12288K, 0% used [0x00000000eab00000,0x00000000eab00000,0x00000000eb700000)
  from space 1024K, 87% used [0x00000000eba80000,0x00000000ebb60000,0x00000000ebb80000)
  to   space 1024K, 0% used [0x00000000eb980000,0x00000000eb980000,0x00000000eba80000)
 ParOldGen       total 71168K, used 70690K [0x00000000c0000000, 0x00000000c4580000, 0x00000000eab00000)
  object space 71168K, 99% used [0x00000000c0000000,0x00000000c4508820,0x00000000c4580000)
 Metaspace       used 58394K, committed 59776K, reserved 1114112K
  class space    used 6135K, committed 6784K, reserved 1048576K
}
Event: 17.945 GC heap before
{Heap before GC invocations=41 (full 3):
 PSYoungGen      total 13312K, used 896K [0x00000000eab00000, 0x00000000ebb80000, 0x0000000100000000)
  eden space 12288K, 0% used [0x00000000eab00000,0x00000000eab00000,0x00000000eb700000)
  from space 1024K, 87% used [0x00000000eba80000,0x00000000ebb60000,0x00000000ebb80000)
  to   space 1024K, 0% used [0x00000000eb980000,0x00000000eb980000,0x00000000eba80000)
 ParOldGen       total 71168K, used 70690K [0x00000000c0000000, 0x00000000c4580000, 0x00000000eab00000)
  object space 71168K, 99% used [0x00000000c0000000,0x00000000c4508820,0x00000000c4580000)
 Metaspace       used 58394K, committed 59776K, reserved 1114112K
  class space    used 6135K, committed 6784K, reserved 1048576K
}
Event: 18.086 GC heap after
{Heap after GC invocations=41 (full 3):
 PSYoungGen      total 13312K, used 0K [0x00000000eab00000, 0x00000000ebb80000, 0x0000000100000000)
  eden space 12288K, 0% used [0x00000000eab00000,0x00000000eab00000,0x00000000eb700000)
  from space 1024K, 0% used [0x00000000eba80000,0x00000000eba80000,0x00000000ebb80000)
  to   space 1024K, 0% used [0x00000000eb980000,0x00000000eb980000,0x00000000eba80000)
 ParOldGen       total 71168K, used 47878K [0x00000000c0000000, 0x00000000c4580000, 0x00000000eab00000)
  object space 71168K, 67% used [0x00000000c0000000,0x00000000c2ec18d0,0x00000000c4580000)
 Metaspace       used 58394K, committed 59776K, reserved 1114112K
  class space    used 6135K, committed 6784K, reserved 1048576K
}
Event: 18.403 GC heap before
{Heap before GC invocations=42 (full 3):
 PSYoungGen      total 13312K, used 12288K [0x00000000eab00000, 0x00000000ebb80000, 0x0000000100000000)
  eden space 12288K, 100% used [0x00000000eab00000,0x00000000eb700000,0x00000000eb700000)
  from space 1024K, 0% used [0x00000000eba80000,0x00000000eba80000,0x00000000ebb80000)
  to   space 1024K, 0% used [0x00000000eb980000,0x00000000eb980000,0x00000000eba80000)
 ParOldGen       total 71168K, used 47878K [0x00000000c0000000, 0x00000000c4580000, 0x00000000eab00000)
  object space 71168K, 67% used [0x00000000c0000000,0x00000000c2ec18d0,0x00000000c4580000)
 Metaspace       used 59087K, committed 60544K, reserved 1114112K
  class space    used 6209K, committed 6912K, reserved 1048576K
}
Event: 18.407 GC heap after
{Heap after GC invocations=42 (full 3):
 PSYoungGen      total 13312K, used 1024K [0x00000000eab00000, 0x00000000ebb00000, 0x0000000100000000)
  eden space 12288K, 0% used [0x00000000eab00000,0x00000000eab00000,0x00000000eb700000)
  from space 1024K, 100% used [0x00000000eb980000,0x00000000eba80000,0x00000000eba80000)
  to   space 512K, 0% used [0x00000000eba80000,0x00000000eba80000,0x00000000ebb00000)
 ParOldGen       total 71168K, used 48598K [0x00000000c0000000, 0x00000000c4580000, 0x00000000eab00000)
  object space 71168K, 68% used [0x00000000c0000000,0x00000000c2f758d0,0x00000000c4580000)
 Metaspace       used 59087K, committed 60544K, reserved 1114112K
  class space    used 6209K, committed 6912K, reserved 1048576K
}
Event: 18.665 GC heap before
{Heap before GC invocations=43 (full 3):
 PSYoungGen      total 13312K, used 13312K [0x00000000eab00000, 0x00000000ebb00000, 0x0000000100000000)
  eden space 12288K, 100% used [0x00000000eab00000,0x00000000eb700000,0x00000000eb700000)
  from space 1024K, 100% used [0x00000000eb980000,0x00000000eba80000,0x00000000eba80000)
  to   space 512K, 0% used [0x00000000eba80000,0x00000000eba80000,0x00000000ebb00000)
 ParOldGen       total 71168K, used 48598K [0x00000000c0000000, 0x00000000c4580000, 0x00000000eab00000)
  object space 71168K, 68% used [0x00000000c0000000,0x00000000c2f758d0,0x00000000c4580000)
 Metaspace       used 59190K, committed 60608K, reserved 1114112K
  class space    used 6210K, committed 6912K, reserved 1048576K
}
Event: 18.667 GC heap after
{Heap after GC invocations=43 (full 3):
 PSYoungGen      total 12800K, used 512K [0x00000000eab00000, 0x00000000ebc00000, 0x0000000100000000)
  eden space 12288K, 0% used [0x00000000eab00000,0x00000000eab00000,0x00000000eb700000)
  from space 512K, 100% used [0x00000000eba80000,0x00000000ebb00000,0x00000000ebb00000)
  to   space 2560K, 0% used [0x00000000eb700000,0x00000000eb700000,0x00000000eb980000)
 ParOldGen       total 71168K, used 50357K [0x00000000c0000000, 0x00000000c4580000, 0x00000000eab00000)
  object space 71168K, 70% used [0x00000000c0000000,0x00000000c312d680,0x00000000c4580000)
 Metaspace       used 59190K, committed 60608K, reserved 1114112K
  class space    used 6210K, committed 6912K, reserved 1048576K
}
Event: 18.871 GC heap before
{Heap before GC invocations=44 (full 3):
 PSYoungGen      total 12800K, used 12800K [0x00000000eab00000, 0x00000000ebc00000, 0x0000000100000000)
  eden space 12288K, 100% used [0x00000000eab00000,0x00000000eb700000,0x00000000eb700000)
  from space 512K, 100% used [0x00000000eba80000,0x00000000ebb00000,0x00000000ebb00000)
  to   space 2560K, 0% used [0x00000000eb700000,0x00000000eb700000,0x00000000eb980000)
 ParOldGen       total 71168K, used 50357K [0x00000000c0000000, 0x00000000c4580000, 0x00000000eab00000)
  object space 71168K, 70% used [0x00000000c0000000,0x00000000c312d680,0x00000000c4580000)
 Metaspace       used 59289K, committed 60736K, reserved 1114112K
  class space    used 6210K, committed 6912K, reserved 1048576K
}
Event: 18.873 GC heap after
{Heap after GC invocations=44 (full 3):
 PSYoungGen      total 14848K, used 640K [0x00000000eab00000, 0x00000000ebb00000, 0x0000000100000000)
  eden space 12288K, 0% used [0x00000000eab00000,0x00000000eab00000,0x00000000eb700000)
  from space 2560K, 25% used [0x00000000eb700000,0x00000000eb7a0000,0x00000000eb980000)
  to   space 1536K, 0% used [0x00000000eb980000,0x00000000eb980000,0x00000000ebb00000)
 ParOldGen       total 71168K, used 50883K [0x00000000c0000000, 0x00000000c4580000, 0x00000000eab00000)
  object space 71168K, 71% used [0x00000000c0000000,0x00000000c31b0e58,0x00000000c4580000)
 Metaspace       used 59289K, committed 60736K, reserved 1114112K
  class space    used 6210K, committed 6912K, reserved 1048576K
}
Event: 19.024 GC heap before
{Heap before GC invocations=45 (full 3):
 PSYoungGen      total 14848K, used 12928K [0x00000000eab00000, 0x00000000ebb00000, 0x0000000100000000)
  eden space 12288K, 100% used [0x00000000eab00000,0x00000000eb700000,0x00000000eb700000)
  from space 2560K, 25% used [0x00000000eb700000,0x00000000eb7a0000,0x00000000eb980000)
  to   space 1536K, 0% used [0x00000000eb980000,0x00000000eb980000,0x00000000ebb00000)
 ParOldGen       total 71168K, used 50883K [0x00000000c0000000, 0x00000000c4580000, 0x00000000eab00000)
  object space 71168K, 71% used [0x00000000c0000000,0x00000000c31b0e58,0x00000000c4580000)
 Metaspace       used 59429K, committed 60864K, reserved 1114112K
  class space    used 6210K, committed 6912K, reserved 1048576K
}
Event: 19.025 GC heap after
{Heap after GC invocations=45 (full 3):
 PSYoungGen      total 13312K, used 992K [0x00000000eab00000, 0x00000000eba80000, 0x0000000100000000)
  eden space 12288K, 0% used [0x00000000eab00000,0x00000000eab00000,0x00000000eb700000)
  from space 1024K, 96% used [0x00000000eb980000,0x00000000eba78000,0x00000000eba80000)
  to   space 1536K, 0% used [0x00000000eb780000,0x00000000eb780000,0x00000000eb900000)
 ParOldGen       total 71168K, used 51419K [0x00000000c0000000, 0x00000000c4580000, 0x00000000eab00000)
  object space 71168K, 72% used [0x00000000c0000000,0x00000000c3236e58,0x00000000c4580000)
 Metaspace       used 59429K, committed 60864K, reserved 1114112K
  class space    used 6210K, committed 6912K, reserved 1048576K
}
Event: 19.178 GC heap before
{Heap before GC invocations=46 (full 3):
 PSYoungGen      total 13312K, used 13229K [0x00000000eab00000, 0x00000000eba80000, 0x0000000100000000)
  eden space 12288K, 99% used [0x00000000eab00000,0x00000000eb6f36a0,0x00000000eb700000)
  from space 1024K, 96% used [0x00000000eb980000,0x00000000eba78000,0x00000000eba80000)
  to   space 1536K, 0% used [0x00000000eb780000,0x00000000eb780000,0x00000000eb900000)
 ParOldGen       total 71168K, used 51419K [0x00000000c0000000, 0x00000000c4580000, 0x00000000eab00000)
  object space 71168K, 72% used [0x00000000c0000000,0x00000000c3236e58,0x00000000c4580000)
 Metaspace       used 59687K, committed 61120K, reserved 1114112K
  class space    used 6244K, committed 6912K, reserved 1048576K
}
Event: 19.180 GC heap after
{Heap after GC invocations=46 (full 3):
 PSYoungGen      total 13824K, used 1533K [0x00000000eab00000, 0x00000000ebc00000, 0x0000000100000000)
  eden space 12288K, 0% used [0x00000000eab00000,0x00000000eab00000,0x00000000eb700000)
  from space 1536K, 99% used [0x00000000eb780000,0x00000000eb8ff630,0x00000000eb900000)
  to   space 2560K, 0% used [0x00000000eb980000,0x00000000eb980000,0x00000000ebc00000)
 ParOldGen       total 71168K, used 52187K [0x00000000c0000000, 0x00000000c4580000, 0x00000000eab00000)
  object space 71168K, 73% used [0x00000000c0000000,0x00000000c32f6e58,0x00000000c4580000)
 Metaspace       used 59687K, committed 61120K, reserved 1114112K
  class space    used 6244K, committed 6912K, reserved 1048576K
}

