# JRE version: OpenJDK Runtime Environment Temurin-21.0.9+10 (21.0.9+10) (build 21.0.9+10-LTS)
# Java VM: OpenJDK 64-Bit Server VM Temurin-21.0.9+10 (21.0.9+10-LTS, mixed mode, sharing, tiered, compressed oops, compressed class ptrs, parallel gc, windows-amd64)
GC Precious Log:
 CardTable entry size: 512
 CPUs: 8 total, 8 available
 Memory: 7988M
 Large Page Support: Disabled
 NUMA Support: Disabled
 Compressed Oops: Enabled (32-bit)
 Alignments: Space 512K, Generation 512K, Heap 2M
 Heap Min Capacity: 100M
 Heap Initial Capacity: 100M
 Heap Max Capacity: 1G
 Pre-touch: Disabled
 Parallel Workers: 8
Heap:
 PSYoungGen      total 19968K, used 11817K [0x00000000eab00000, 0x00000000ec180000, 0x0000000100000000)
  eden space 18432K, 57% used [0x00000000eab00000,0x00000000eb54cb68,0x00000000ebd00000)
  from space 1536K, 82% used [0x00000000ec000000,0x00000000ec13da38,0x00000000ec180000)
  to   space 2048K, 0% used [0x00000000ebd80000,0x00000000ebd80000,0x00000000ebf80000)
 ParOldGen       total 68608K, used 55991K [0x00000000c0000000, 0x00000000c4300000, 0x00000000eab00000)
  object space 68608K, 81% used [0x00000000c0000000,0x00000000c36add48,0x00000000c4300000)
 Metaspace       used 56020K, committed 57408K, reserved 1114112K
  class space    used 6042K, committed 6656K, reserved 1048576K
GC Heap History (20 events):
Event: 5.871 GC heap before
{Heap before GC invocations=23 (full 2):
 PSYoungGen      total 24064K, used 24064K [0x00000000eab00000, 0x00000000ec980000, 0x0000000100000000)
  eden space 22016K, 100% used [0x00000000eab00000,0x00000000ec080000,0x00000000ec080000)
  from space 2048K, 100% used [0x00000000ec680000,0x00000000ec880000,0x00000000ec880000)
  to   space 4608K, 0% used [0x00000000ec080000,0x00000000ec080000,0x00000000ec500000)
 ParOldGen       total 68608K, used 39954K [0x00000000c0000000, 0x00000000c4300000, 0x00000000eab00000)
  object space 68608K, 58% used [0x00000000c0000000,0x00000000c2704870,0x00000000c4300000)
 Metaspace       used 41297K, committed 42624K, reserved 1114112K
  class space    used 4374K, committed 4992K, reserved 1048576K
}
Event: 5.874 GC heap after
{Heap after GC invocations=23 (full 2):
 PSYoungGen      total 24064K, used 1920K [0x00000000eab00000, 0x00000000ec700000, 0x0000000100000000)
  eden space 22016K, 0% used [0x00000000eab00000,0x00000000eab00000,0x00000000ec080000)
  from space 2048K, 93% used [0x00000000ec080000,0x00000000ec260010,0x00000000ec280000)
  to   space 3072K, 0% used [0x00000000ec400000,0x00000000ec400000,0x00000000ec700000)
 ParOldGen       total 68608K, used 41882K [0x00000000c0000000, 0x00000000c4300000, 0x00000000eab00000)
  object space 68608K, 61% used [0x00000000c0000000,0x00000000c28e6870,0x00000000c4300000)
 Metaspace       used 41297K, committed 42624K, reserved 1114112K
  class space    used 4374K, committed 4992K, reserved 1048576K
}
Event: 5.981 GC heap before
{Heap before GC invocations=24 (full 2):
 PSYoungGen      total 24064K, used 23936K [0x00000000eab00000, 0x00000000ec700000, 0x0000000100000000)
  eden space 22016K, 100% used [0x00000000eab00000,0x00000000ec080000,0x00000000ec080000)
  from space 2048K, 93% used [0x00000000ec080000,0x00000000ec260010,0x00000000ec280000)
  to   space 3072K, 0% used [0x00000000ec400000,0x00000000ec400000,0x00000000ec700000)
 ParOldGen       total 68608K, used 41950K [0x00000000c0000000, 0x00000000c4300000, 0x00000000eab00000)
  object space 68608K, 61% used [0x00000000c0000000,0x00000000c28f7a68,0x00000000c4300000)
 Metaspace       used 41770K, committed 43072K, reserved 1114112K
  class space    used 4444K, committed 5056K, reserved 1048576K
}
Event: 5.984 GC heap after
{Heap after GC invocations=24 (full 2):
 PSYoungGen      total 24064K, used 1825K [0x00000000eab00000, 0x00000000ec600000, 0x0000000100000000)
  eden space 22016K, 0% used [0x00000000eab00000,0x00000000eab00000,0x00000000ec080000)
  from space 2048K, 89% used [0x00000000ec400000,0x00000000ec5c85f0,0x00000000ec600000)
  to   space 2048K, 0% used [0x00000000ec080000,0x00000000ec080000,0x00000000ec280000)
 ParOldGen       total 68608K, used 43718K [0x00000000c0000000, 0x00000000c4300000, 0x00000000eab00000)
  object space 68608K, 63% used [0x00000000c0000000,0x00000000c2ab1a78,0x00000000c4300000)
 Metaspace       used 41770K, committed 43072K, reserved 1114112K
  class space    used 4444K, committed 5056K, reserved 1048576K
}
Event: 7.374 GC heap before
{Heap before GC invocations=25 (full 2):
 PSYoungGen      total 24064K, used 23841K [0x00000000eab00000, 0x00000000ec600000, 0x0000000100000000)
  eden space 22016K, 100% used [0x00000000eab00000,0x00000000ec080000,0x00000000ec080000)
  from space 2048K, 89% used [0x00000000ec400000,0x00000000ec5c85f0,0x00000000ec600000)
  to   space 2048K, 0% used [0x00000000ec080000,0x00000000ec080000,0x00000000ec280000)
 ParOldGen       total 68608K, used 43723K [0x00000000c0000000, 0x00000000c4300000, 0x00000000eab00000)
  object space 68608K, 63% used [0x00000000c0000000,0x00000000c2ab2cb8,0x00000000c4300000)
 Metaspace       used 44309K, committed 45696K, reserved 1114112K
  class space    used 4743K, committed 5376K, reserved 1048576K
}
Event: 7.421 GC heap after
{Heap after GC invocations=25 (full 2):
 PSYoungGen      total 24064K, used 1216K [0x00000000eab00000, 0x00000000ec480000, 0x0000000100000000)
  eden space 22016K, 0% used [0x00000000eab00000,0x00000000eab00000,0x00000000ec080000)
  from space 2048K, 59% used [0x00000000ec080000,0x00000000ec1b0000,0x00000000ec280000)
  to   space 1536K, 0% used [0x00000000ec300000,0x00000000ec300000,0x00000000ec480000)
 ParOldGen       total 68608K, used 45277K [0x00000000c0000000, 0x00000000c4300000, 0x00000000eab00000)
  object space 68608K, 65% used [0x00000000c0000000,0x00000000c2c37568,0x00000000c4300000)
 Metaspace       used 44309K, committed 45696K, reserved 1114112K
  class space    used 4743K, committed 5376K, reserved 1048576K
}
Event: 7.824 GC heap before
{Heap before GC invocations=26 (full 2):
 PSYoungGen      total 24064K, used 23232K [0x00000000eab00000, 0x00000000ec480000, 0x0000000100000000)
  eden space 22016K, 100% used [0x00000000eab00000,0x00000000ec080000,0x00000000ec080000)
  from space 2048K, 59% used [0x00000000ec080000,0x00000000ec1b0000,0x00000000ec280000)
  to   space 1536K, 0% used [0x00000000ec300000,0x00000000ec300000,0x00000000ec480000)
 ParOldGen       total 68608K, used 45277K [0x00000000c0000000, 0x00000000c4300000, 0x00000000eab00000)
  object space 68608K, 65% used [0x00000000c0000000,0x00000000c2c37568,0x00000000c4300000)
 Metaspace       used 46797K, committed 48128K, reserved 1114112K
  class space    used 5097K, committed 5696K, reserved 1048576K
}
Event: 7.826 GC heap after
{Heap after GC invocations=26 (full 2):
 PSYoungGen      total 23552K, used 1408K [0x00000000eab00000, 0x00000000ec480000, 0x0000000100000000)
  eden space 22016K, 0% used [0x00000000eab00000,0x00000000eab00000,0x00000000ec080000)
  from space 1536K, 91% used [0x00000000ec300000,0x00000000ec460000,0x00000000ec480000)
  to   space 1536K, 0% used [0x00000000ec180000,0x00000000ec180000,0x00000000ec300000)
 ParOldGen       total 68608K, used 46290K [0x00000000c0000000, 0x00000000c4300000, 0x00000000eab00000)
  object space 68608K, 67% used [0x00000000c0000000,0x00000000c2d34b38,0x00000000c4300000)
 Metaspace       used 46797K, committed 48128K, reserved 1114112K
  class space    used 5097K, committed 5696K, reserved 1048576K
}
Event: 8.029 GC heap before
{Heap before GC invocations=27 (full 2):
 PSYoungGen      total 23552K, used 23424K [0x00000000eab00000, 0x00000000ec480000, 0x0000000100000000)
  eden space 22016K, 100% used [0x00000000eab00000,0x00000000ec080000,0x00000000ec080000)
  from space 1536K, 91% used [0x00000000ec300000,0x00000000ec460000,0x00000000ec480000)
  to   space 1536K, 0% used [0x00000000ec180000,0x00000000ec180000,0x00000000ec300000)
 ParOldGen       total 68608K, used 46290K [0x00000000c0000000, 0x00000000c4300000, 0x00000000eab00000)
  object space 68608K, 67% used [0x00000000c0000000,0x00000000c2d34b38,0x00000000c4300000)
 Metaspace       used 49461K, committed 50752K, reserved 1114112K
  class space    used 5388K, committed 5952K, reserved 1048576K
}
Event: 8.031 GC heap after
{Heap after GC invocations=27 (full 2):
 PSYoungGen      total 23552K, used 1444K [0x00000000eab00000, 0x00000000ec380000, 0x0000000100000000)
  eden space 22016K, 0% used [0x00000000eab00000,0x00000000eab00000,0x00000000ec080000)
  from space 1536K, 94% used [0x00000000ec180000,0x00000000ec2e9288,0x00000000ec300000)
  to   space 512K, 0% used [0x00000000ec300000,0x00000000ec300000,0x00000000ec380000)
 ParOldGen       total 68608K, used 47562K [0x00000000c0000000, 0x00000000c4300000, 0x00000000eab00000)
  object space 68608K, 69% used [0x00000000c0000000,0x00000000c2e72858,0x00000000c4300000)
 Metaspace       used 49461K, committed 50752K, reserved 1114112K
  class space    used 5388K, committed 5952K, reserved 1048576K
}
Event: 8.348 GC heap before
{Heap before GC invocations=28 (full 2):
 PSYoungGen      total 23552K, used 23460K [0x00000000eab00000, 0x00000000ec380000, 0x0000000100000000)
  eden space 22016K, 100% used [0x00000000eab00000,0x00000000ec080000,0x00000000ec080000)
  from space 1536K, 94% used [0x00000000ec180000,0x00000000ec2e9288,0x00000000ec300000)
  to   space 512K, 0% used [0x00000000ec300000,0x00000000ec300000,0x00000000ec380000)
 ParOldGen       total 68608K, used 47562K [0x00000000c0000000, 0x00000000c4300000, 0x00000000eab00000)
  object space 68608K, 69% used [0x00000000c0000000,0x00000000c2e72858,0x00000000c4300000)
 Metaspace       used 51057K, committed 52416K, reserved 1114112K
  class space    used 5599K, committed 6208K, reserved 1048576K
}
Event: 8.350 GC heap after
{Heap after GC invocations=28 (full 2):
 PSYoungGen      total 22528K, used 496K [0x00000000eab00000, 0x00000000ec580000, 0x0000000100000000)
  eden space 22016K, 0% used [0x00000000eab00000,0x00000000eab00000,0x00000000ec080000)
  from space 512K, 96% used [0x00000000ec300000,0x00000000ec37c020,0x00000000ec380000)
  to   space 2560K, 0% used [0x00000000ec080000,0x00000000ec080000,0x00000000ec300000)
 ParOldGen       total 68608K, used 49073K [0x00000000c0000000, 0x00000000c4300000, 0x00000000eab00000)
  object space 68608K, 71% used [0x00000000c0000000,0x00000000c2fec478,0x00000000c4300000)
 Metaspace       used 51057K, committed 52416K, reserved 1114112K
  class space    used 5599K, committed 6208K, reserved 1048576K
}
Event: 8.723 GC heap before
{Heap before GC invocations=29 (full 2):
 PSYoungGen      total 22528K, used 22512K [0x00000000eab00000, 0x00000000ec580000, 0x0000000100000000)
  eden space 22016K, 100% used [0x00000000eab00000,0x00000000ec080000,0x00000000ec080000)
  from space 512K, 96% used [0x00000000ec300000,0x00000000ec37c020,0x00000000ec380000)
  to   space 2560K, 0% used [0x00000000ec080000,0x00000000ec080000,0x00000000ec300000)
 ParOldGen       total 68608K, used 49073K [0x00000000c0000000, 0x00000000c4300000, 0x00000000eab00000)
  object space 68608K, 71% used [0x00000000c0000000,0x00000000c2fec478,0x00000000c4300000)
 Metaspace       used 52384K, committed 53760K, reserved 1114112K
  class space    used 5720K, committed 6336K, reserved 1048576K
}
Event: 8.724 GC heap after
{Heap after GC invocations=29 (full 2):
 PSYoungGen      total 23552K, used 1370K [0x00000000eab00000, 0x00000000ec480000, 0x0000000100000000)
  eden space 22016K, 0% used [0x00000000eab00000,0x00000000eab00000,0x00000000ec080000)
  from space 1536K, 89% used [0x00000000ec080000,0x00000000ec1d6878,0x00000000ec200000)
  to   space 2048K, 0% used [0x00000000ec280000,0x00000000ec280000,0x00000000ec480000)
 ParOldGen       total 68608K, used 49516K [0x00000000c0000000, 0x00000000c4300000, 0x00000000eab00000)
  object space 68608K, 72% used [0x00000000c0000000,0x00000000c305b028,0x00000000c4300000)
 Metaspace       used 52384K, committed 53760K, reserved 1114112K
  class space    used 5720K, committed 6336K, reserved 1048576K
}
Event: 9.071 GC heap before
{Heap before GC invocations=30 (full 2):
 PSYoungGen      total 23552K, used 23386K [0x00000000eab00000, 0x00000000ec480000, 0x0000000100000000)
  eden space 22016K, 100% used [0x00000000eab00000,0x00000000ec080000,0x00000000ec080000)
  from space 1536K, 89% used [0x00000000ec080000,0x00000000ec1d6878,0x00000000ec200000)
  to   space 2048K, 0% used [0x00000000ec280000,0x00000000ec280000,0x00000000ec480000)
 ParOldGen       total 68608K, used 49516K [0x00000000c0000000, 0x00000000c4300000, 0x00000000eab00000)
  object space 68608K, 72% used [0x00000000c0000000,0x00000000c305b028,0x00000000c4300000)
 Metaspace       used 53658K, committed 54912K, reserved 1114112K
  class space    used 5820K, committed 6400K, reserved 1048576K
}
Event: 9.073 GC heap after
{Heap after GC invocations=30 (full 2):
 PSYoungGen      total 20480K, used 2044K [0x00000000eab00000, 0x00000000ecb80000, 0x0000000100000000)
  eden space 18432K, 0% used [0x00000000eab00000,0x00000000eab00000,0x00000000ebd00000)
  from space 2048K, 99% used [0x00000000ec280000,0x00000000ec47f058,0x00000000ec480000)
  to   space 5632K, 0% used [0x00000000ebd00000,0x00000000ebd00000,0x00000000ec280000)
 ParOldGen       total 68608K, used 52439K [0x00000000c0000000, 0x00000000c4300000, 0x00000000eab00000)
  object space 68608K, 76% used [0x00000000c0000000,0x00000000c3335e08,0x00000000c4300000)
 Metaspace       used 53658K, committed 54912K, reserved 1114112K
  class space    used 5820K, committed 6400K, reserved 1048576K
}
Event: 9.477 GC heap before
{Heap before GC invocations=31 (full 2):
 PSYoungGen      total 20480K, used 20476K [0x00000000eab00000, 0x00000000ecb80000, 0x0000000100000000)
  eden space 18432K, 100% used [0x00000000eab00000,0x00000000ebd00000,0x00000000ebd00000)
  from space 2048K, 99% used [0x00000000ec280000,0x00000000ec47f058,0x00000000ec480000)
  to   space 5632K, 0% used [0x00000000ebd00000,0x00000000ebd00000,0x00000000ec280000)
 ParOldGen       total 68608K, used 52439K [0x00000000c0000000, 0x00000000c4300000, 0x00000000eab00000)
  object space 68608K, 76% used [0x00000000c0000000,0x00000000c3335e08,0x00000000c4300000)
 Metaspace       used 54464K, committed 55808K, reserved 1114112K
  class space    used 5898K, committed 6464K, reserved 1048576K
}
Event: 9.480 GC heap after
{Heap after GC invocations=31 (full 2):
 PSYoungGen      total 20480K, used 1699K [0x00000000eab00000, 0x00000000ec300000, 0x0000000100000000)
  eden space 18432K, 0% used [0x00000000eab00000,0x00000000eab00000,0x00000000ebd00000)
  from space 2048K, 82% used [0x00000000ebd00000,0x00000000ebea8da0,0x00000000ebf00000)
  to   space 3072K, 0% used [0x00000000ec000000,0x00000000ec000000,0x00000000ec300000)
 ParOldGen       total 68608K, used 54461K [0x00000000c0000000, 0x00000000c4300000, 0x00000000eab00000)
  object space 68608K, 79% used [0x00000000c0000000,0x00000000c352f588,0x00000000c4300000)
 Metaspace       used 54464K, committed 55808K, reserved 1114112K
  class space    used 5898K, committed 6464K, reserved 1048576K
}
Event: 10.902 GC heap before
{Heap before GC invocations=32 (full 2):
 PSYoungGen      total 20480K, used 20131K [0x00000000eab00000, 0x00000000ec300000, 0x0000000100000000)
  eden space 18432K, 100% used [0x00000000eab00000,0x00000000ebd00000,0x00000000ebd00000)
  from space 2048K, 82% used [0x00000000ebd00000,0x00000000ebea8da0,0x00000000ebf00000)
  to   space 3072K, 0% used [0x00000000ec000000,0x00000000ec000000,0x00000000ec300000)
 ParOldGen       total 68608K, used 54461K [0x00000000c0000000, 0x00000000c4300000, 0x00000000eab00000)
  object space 68608K, 79% used [0x00000000c0000000,0x00000000c352f588,0x00000000c4300000)
 Metaspace       used 55185K, committed 56512K, reserved 1114112K
  class space    used 5937K, committed 6528K, reserved 1048576K
}
Event: 10.904 GC heap after
{Heap after GC invocations=32 (full 2):
 PSYoungGen      total 19968K, used 1270K [0x00000000eab00000, 0x00000000ec180000, 0x0000000100000000)
  eden space 18432K, 0% used [0x00000000eab00000,0x00000000eab00000,0x00000000ebd00000)
  from space 1536K, 82% used [0x00000000ec000000,0x00000000ec13da38,0x00000000ec180000)
  to   space 2048K, 0% used [0x00000000ebd80000,0x00000000ebd80000,0x00000000ebf80000)
 ParOldGen       total 68608K, used 55991K [0x00000000c0000000, 0x00000000c4300000, 0x00000000eab00000)
  object space 68608K, 81% used [0x00000000c0000000,0x00000000c36add48,0x00000000c4300000)
 Metaspace       used 55185K, committed 56512K, reserved 1114112K
  class space    used 5937K, committed 6528K, reserved 1048576K
}

