# JRE version: OpenJDK Runtime Environment Temurin-17.0.17+10 (17.0.17+10) (build 17.0.17+10)
# Java VM: OpenJDK 64-Bit Server VM Temurin-17.0.17+10 (17.0.17+10, mixed mode, sharing, tiered, compressed oops, compressed class ptrs, g1 gc, windows-amd64)
GC Precious Log:
 CPUs: 8 total, 8 available
 Memory: 7988M
 Large Page Support: Disabled
 NUMA Support: Disabled
 Compressed Oops: Enabled (32-bit)
 Heap Region Size: 1M
 Heap Min Capacity: 8M
 Heap Initial Capacity: 126M
 Heap Max Capacity: 1G
 Pre-touch: Disabled
 Parallel Workers: 8
 Concurrent Workers: 2
 Concurrent Refinement Workers: 8
 Periodic GC: Disabled
Heap:
 garbage-first heap   total 95232K, used 66048K [0x00000000c0000000, 0x0000000100000000)
  region size 1024K, 25 young (25600K), 4 survivors (4096K)
 Metaspace       used 26266K, committed 26560K, reserved 1114112K
  class space    used 3030K, committed 3200K, reserved 1048576K
GC Heap History (16 events):
Event: 1.878 GC heap before
{Heap before GC invocations=0 (full 0):
 garbage-first heap   total 129024K, used 22528K [0x00000000c0000000, 0x0000000100000000)
  region size 1024K, 23 young (23552K), 0 survivors (0K)
 Metaspace       used 5442K, committed 5632K, reserved 1114112K
  class space    used 652K, committed 768K, reserved 1048576K
}
Event: 1.887 GC heap after
{Heap after GC invocations=1 (full 0):
 garbage-first heap   total 129024K, used 3656K [0x00000000c0000000, 0x0000000100000000)
  region size 1024K, 3 young (3072K), 3 survivors (3072K)
 Metaspace       used 5442K, committed 5632K, reserved 1114112K
  class space    used 652K, committed 768K, reserved 1048576K
}
Event: 3.372 GC heap before
{Heap before GC invocations=1 (full 0):
 garbage-first heap   total 129024K, used 35400K [0x00000000c0000000, 0x0000000100000000)
  region size 1024K, 34 young (34816K), 3 survivors (3072K)
 Metaspace       used 9410K, committed 9600K, reserved 1114112K
  class space    used 1138K, committed 1216K, reserved 1048576K
}
Event: 3.381 GC heap after
{Heap after GC invocations=2 (full 0):
 garbage-first heap   total 129024K, used 5352K [0x00000000c0000000, 0x0000000100000000)
  region size 1024K, 2 young (2048K), 2 survivors (2048K)
 Metaspace       used 9410K, committed 9600K, reserved 1114112K
  class space    used 1138K, committed 1216K, reserved 1048576K
}
Event: 8.110 GC heap before
{Heap before GC invocations=2 (full 0):
 garbage-first heap   total 129024K, used 80104K [0x00000000c0000000, 0x0000000100000000)
  region size 1024K, 75 young (76800K), 2 survivors (2048K)
 Metaspace       used 15447K, committed 15616K, reserved 1114112K
  class space    used 1844K, committed 1920K, reserved 1048576K
}
Event: 8.132 GC heap after
{Heap after GC invocations=3 (full 0):
 garbage-first heap   total 129024K, used 12756K [0x00000000c0000000, 0x0000000100000000)
  region size 1024K, 9 young (9216K), 9 survivors (9216K)
 Metaspace       used 15447K, committed 15616K, reserved 1114112K
  class space    used 1844K, committed 1920K, reserved 1048576K
}
Event: 12.052 GC heap before
{Heap before GC invocations=3 (full 0):
 garbage-first heap   total 129024K, used 110036K [0x00000000c0000000, 0x0000000100000000)
  region size 1024K, 73 young (74752K), 9 survivors (9216K)
 Metaspace       used 17355K, committed 17600K, reserved 1114112K
  class space    used 2004K, committed 2112K, reserved 1048576K
}
Event: 12.075 GC heap after
{Heap after GC invocations=4 (full 0):
 garbage-first heap   total 129024K, used 16054K [0x00000000c0000000, 0x0000000100000000)
  region size 1024K, 4 young (4096K), 4 survivors (4096K)
 Metaspace       used 17355K, committed 17600K, reserved 1114112K
  class space    used 2004K, committed 2112K, reserved 1048576K
}
Event: 14.194 GC heap before
{Heap before GC invocations=4 (full 0):
 garbage-first heap   total 129024K, used 43702K [0x00000000c0000000, 0x0000000100000000)
  region size 1024K, 27 young (27648K), 4 survivors (4096K)
 Metaspace       used 21153K, committed 21504K, reserved 1114112K
  class space    used 2499K, committed 2688K, reserved 1048576K
}
Event: 14.208 GC heap after
{Heap after GC invocations=5 (full 0):
 garbage-first heap   total 129024K, used 23882K [0x00000000c0000000, 0x0000000100000000)
  region size 1024K, 8 young (8192K), 8 survivors (8192K)
 Metaspace       used 21153K, committed 21504K, reserved 1114112K
  class space    used 2499K, committed 2688K, reserved 1048576K
}
Event: 23.045 GC heap before
{Heap before GC invocations=6 (full 0):
 garbage-first heap   total 89088K, used 70986K [0x00000000c0000000, 0x0000000100000000)
  region size 1024K, 52 young (53248K), 8 survivors (8192K)
 Metaspace       used 25443K, committed 25792K, reserved 1114112K
  class space    used 2957K, committed 3136K, reserved 1048576K
}
Event: 23.087 GC heap after
{Heap after GC invocations=7 (full 0):
 garbage-first heap   total 95232K, used 39475K [0x00000000c0000000, 0x0000000100000000)
  region size 1024K, 7 young (7168K), 7 survivors (7168K)
 Metaspace       used 25443K, committed 25792K, reserved 1114112K
  class space    used 2957K, committed 3136K, reserved 1048576K
}
Event: 23.148 GC heap before
{Heap before GC invocations=7 (full 0):
 garbage-first heap   total 95232K, used 40499K [0x00000000c0000000, 0x0000000100000000)
  region size 1024K, 8 young (8192K), 7 survivors (7168K)
 Metaspace       used 25443K, committed 25792K, reserved 1114112K
  class space    used 2957K, committed 3136K, reserved 1048576K
}
Event: 23.160 GC heap after
{Heap after GC invocations=8 (full 0):
 garbage-first heap   total 95232K, used 40960K [0x00000000c0000000, 0x0000000100000000)
  region size 1024K, 1 young (1024K), 1 survivors (1024K)
 Metaspace       used 25443K, committed 25792K, reserved 1114112K
  class space    used 2957K, committed 3136K, reserved 1048576K
}
Event: 24.365 GC heap before
{Heap before GC invocations=8 (full 0):
 garbage-first heap   total 95232K, used 68608K [0x00000000c0000000, 0x0000000100000000)
  region size 1024K, 28 young (28672K), 1 survivors (1024K)
 Metaspace       used 26081K, committed 26368K, reserved 1114112K
  class space    used 3023K, committed 3136K, reserved 1048576K
}
Event: 24.383 GC heap after
{Heap after GC invocations=9 (full 0):
 garbage-first heap   total 95232K, used 45568K [0x00000000c0000000, 0x0000000100000000)
  region size 1024K, 4 young (4096K), 4 survivors (4096K)
 Metaspace       used 26081K, committed 26368K, reserved 1114112K
  class space    used 3023K, committed 3136K, reserved 1048576K
}

